#
# There is insufficient memory for the Java Runtime Environment to continue.
# Native memory allocation (mmap) failed to map 78643200 bytes. Error detail: G1 virtual space
# Possible reasons:
#   The system is out of physical RAM or swap space
#   This process is running with CompressedOops enabled, and the Java Heap may be blocking the growth of the native heap
# Possible solutions:
#   Reduce memory load on the system
#   Increase physical memory or swap space
#   Check if swap backing store is full
#   Decrease Java heap size (-Xmx/-Xms)
#   Decrease number of Java threads
#   Decrease Java thread stack sizes (-Xss)
#   Set larger code cache with -XX:ReservedCodeCacheSize=
#   JVM is running with Unscaled Compressed Oops mode in which the Java heap is
#     placed in the first 4GB address space. The Java Heap base address is the
#     maximum limit for the native heap growth. Please use -XX:HeapBaseMinAddress
#     to set the Java Heap base and to place the Java Heap above 4GB virtual address.
# This output file may be truncated or incomplete.
#
#  Out of Memory Error (os_windows.cpp:3616), pid=9504, tid=20044
#
# JRE version: OpenJDK Runtime Environment Corretto-21.0.4.7.1 (21.0.4+7) (build 21.0.4+7-LTS)
# Java VM: OpenJDK 64-Bit Server VM Corretto-21.0.4.7.1 (21.0.4+7-LTS, mixed mode, emulated-client, sharing, tiered, compressed oops, compressed class ptrs, g1 gc, windows-amd64)
# No core dump will be written. Minidumps are not enabled by default on client versions of Windows
#

---------------  S U M M A R Y ------------

Command Line: -XX:TieredStopAtLevel=1 -Dspring.output.ansi.enabled=always -Dcom.sun.management.jmxremote -Dspring.jmx.enabled=true -Dspring.liveBeansView.mbeanDomain -Dspring.application.admin.enabled=true -Dmanagement.endpoints.jmx.exposure.include=* -javaagent:C:\Program Files\JetBrains\IntelliJ IDEA 2024.2.1\lib\idea_rt.jar=50498:C:\Program Files\JetBrains\IntelliJ IDEA 2024.2.1\bin -Dfile.encoding=UTF-8 -Dsun.stdout.encoding=UTF-8 -Dsun.stderr.encoding=UTF-8 group03.bloomresin.BloomresinApplication

Host: AMD Ryzen 5 5500U with Radeon Graphics         , 12 cores, 7G,  Windows 11 , 64 bit Build 22621 (10.0.22621.5415)
Time: Wed Jul  2 17:44:33 2025 SE Asia Standard Time elapsed time: 10.029686 seconds (0d 0h 0m 10s)

---------------  T H R E A D  ---------------

Current thread (0x00000170730f18f0):  VMThread "VM Thread"          [id=20044, stack(0x00000051aad00000,0x00000051aae00000) (1024K)]

Stack: [0x00000051aad00000,0x00000051aae00000]
Native frames: (J=compiled Java code, j=interpreted, Vv=VM code, C=native code)
V  [jvm.dll+0x6d83d9]
V  [jvm.dll+0x8b39f3]
V  [jvm.dll+0x8b5d4e]
V  [jvm.dll+0x8b6433]
V  [jvm.dll+0x285816]
V  [jvm.dll+0x6d4b65]
V  [jvm.dll+0x6c929a]
V  [jvm.dll+0x35e2fb]
V  [jvm.dll+0x365ea6]
V  [jvm.dll+0x3b7e76]
V  [jvm.dll+0x3b8148]
V  [jvm.dll+0x331a3c]
V  [jvm.dll+0x331ac7]
V  [jvm.dll+0x3768ec]
V  [jvm.dll+0x37509e]
V  [jvm.dll+0x331191]
V  [jvm.dll+0x3747b0]
V  [jvm.dll+0x8bbfa8]
V  [jvm.dll+0x8bd324]
V  [jvm.dll+0x8bd860]
V  [jvm.dll+0x8bdaf3]
V  [jvm.dll+0x85c768]
V  [jvm.dll+0x6d6bdd]
C  [ucrtbase.dll+0x29333]
C  [KERNEL32.DLL+0x1259d]
C  [ntdll.dll+0x5af78]

VM_Operation (0x00000051ac3fa850): G1CollectForAllocation, mode: safepoint, requested by thread 0x00000170784da7d0


---------------  P R O C E S S  ---------------

Threads class SMR info:
_java_thread_list=0x000001707a1ef6d0, length=26, elements={
0x00000170603a3290, 0x000001707310ec10, 0x000001707310f3e0, 0x0000017073110300,
0x0000017073113f00, 0x00000170731208f0, 0x0000017073122f70, 0x00000170731235e0,
0x00000170730dd0c0, 0x00000170730dd990, 0x0000017073908d80, 0x00000170739093f0,
0x00000170739e8b10, 0x00000170739eb1d0, 0x0000017073b1c590, 0x00000170784b8a80,
0x00000170784da7d0, 0x0000017078533100, 0x0000017078574110, 0x0000017079636ac0,
0x0000017079633640, 0x0000017079635710, 0x0000017079635080, 0x0000017079633cd0,
0x0000017079635da0, 0x0000017079634360
}

Java Threads: ( => current thread )
  0x00000170603a3290 JavaThread "main"                              [_thread_blocked, id=22416, stack(0x00000051aa600000,0x00000051aa700000) (1024K)]
  0x000001707310ec10 JavaThread "Reference Handler"          daemon [_thread_blocked, id=21556, stack(0x00000051aae00000,0x00000051aaf00000) (1024K)]
  0x000001707310f3e0 JavaThread "Finalizer"                  daemon [_thread_blocked, id=14712, stack(0x00000051aaf00000,0x00000051ab000000) (1024K)]
  0x0000017073110300 JavaThread "Signal Dispatcher"          daemon [_thread_blocked, id=11716, stack(0x00000051ab000000,0x00000051ab100000) (1024K)]
  0x0000017073113f00 JavaThread "Attach Listener"            daemon [_thread_blocked, id=25900, stack(0x00000051ab100000,0x00000051ab200000) (1024K)]
  0x00000170731208f0 JavaThread "Service Thread"             daemon [_thread_blocked, id=20208, stack(0x00000051ab200000,0x00000051ab300000) (1024K)]
  0x0000017073122f70 JavaThread "Monitor Deflation Thread"   daemon [_thread_blocked, id=25716, stack(0x00000051ab300000,0x00000051ab400000) (1024K)]
  0x00000170731235e0 JavaThread "C1 CompilerThread0"         daemon [_thread_blocked, id=5316, stack(0x00000051ab400000,0x00000051ab500000) (1024K)]
  0x00000170730dd0c0 JavaThread "Common-Cleaner"             daemon [_thread_blocked, id=17144, stack(0x00000051ab500000,0x00000051ab600000) (1024K)]
  0x00000170730dd990 JavaThread "C1 CompilerThread1"         daemon [_thread_blocked, id=17708, stack(0x00000051ab600000,0x00000051ab700000) (1024K)]
  0x0000017073908d80 JavaThread "Monitor Ctrl-Break"         daemon [_thread_in_native, id=24384, stack(0x00000051ab700000,0x00000051ab800000) (1024K)]
  0x00000170739093f0 JavaThread "Notification Thread"        daemon [_thread_blocked, id=18920, stack(0x00000051ab800000,0x00000051ab900000) (1024K)]
  0x00000170739e8b10 JavaThread "C1 CompilerThread2"         daemon [_thread_blocked, id=18672, stack(0x00000051ab900000,0x00000051aba00000) (1024K)]
  0x00000170739eb1d0 JavaThread "C1 CompilerThread3"         daemon [_thread_blocked, id=26480, stack(0x00000051aba00000,0x00000051abb00000) (1024K)]
  0x0000017073b1c590 JavaThread "RMI TCP Accept-0"           daemon [_thread_in_native, id=7832, stack(0x00000051abb00000,0x00000051abc00000) (1024K)]
  0x00000170784b8a80 JavaThread "Thread-0"                          [_thread_blocked, id=4404, stack(0x00000051ac200000,0x00000051ac300000) (1024K)]
  0x00000170784da7d0 JavaThread "restartedMain"                     [_thread_blocked, id=11136, stack(0x00000051ac300000,0x00000051ac400000) (1024K)]
  0x0000017078533100 JavaThread "RMI TCP Connection(1)-172.16.1.119" daemon [_thread_in_native, id=6724, stack(0x00000051ac400000,0x00000051ac500000) (1024K)]
  0x0000017078574110 JavaThread "RMI Scheduler(0)"           daemon [_thread_blocked, id=192, stack(0x00000051ac500000,0x00000051ac600000) (1024K)]
  0x0000017079636ac0 JavaThread "Catalina-utility-1"                [_thread_blocked, id=9516, stack(0x00000051ac900000,0x00000051aca00000) (1024K)]
  0x0000017079633640 JavaThread "Catalina-utility-2"                [_thread_blocked, id=27084, stack(0x00000051acc00000,0x00000051acd00000) (1024K)]
  0x0000017079635710 JavaThread "container-0"                       [_thread_blocked, id=11204, stack(0x00000051acd00000,0x00000051ace00000) (1024K)]
  0x0000017079635080 JavaThread "mysql-cj-abandoned-connection-cleanup" daemon [_thread_blocked, id=11760, stack(0x00000051ace00000,0x00000051acf00000) (1024K)]
  0x0000017079633cd0 JavaThread "PostgreSQL-JDBC-Cleaner"    daemon [_thread_blocked, id=296, stack(0x00000051ad000000,0x00000051ad100000) (1024K)]
  0x0000017079635da0 JavaThread "HikariPool-1 housekeeper"   daemon [_thread_blocked, id=11308, stack(0x00000051ad100000,0x00000051ad200000) (1024K)]
  0x0000017079634360 JavaThread "HikariPool-1 connection adder" daemon [_thread_blocked, id=24516, stack(0x00000051ad200000,0x00000051ad300000) (1024K)]
Total: 26

Other Threads:
=>0x00000170730f18f0 VMThread "VM Thread"                           [id=20044, stack(0x00000051aad00000,0x00000051aae00000) (1024K)]
  0x00000170730da9c0 WatcherThread "VM Periodic Task Thread"        [id=23896, stack(0x00000051aac00000,0x00000051aad00000) (1024K)]
  0x0000017062631170 WorkerThread "GC Thread#0"                     [id=14892, stack(0x00000051aa700000,0x00000051aa800000) (1024K)]
  0x0000017073befea0 WorkerThread "GC Thread#1"                     [id=22424, stack(0x00000051abc00000,0x00000051abd00000) (1024K)]
  0x0000017073c476a0 WorkerThread "GC Thread#2"                     [id=18332, stack(0x00000051abd00000,0x00000051abe00000) (1024K)]
  0x0000017073c47a40 WorkerThread "GC Thread#3"                     [id=26256, stack(0x00000051abe00000,0x00000051abf00000) (1024K)]
  0x0000017073c47de0 WorkerThread "GC Thread#4"                     [id=25856, stack(0x00000051abf00000,0x00000051ac000000) (1024K)]
  0x0000017073c48180 WorkerThread "GC Thread#5"                     [id=1132, stack(0x00000051ac000000,0x00000051ac100000) (1024K)]
  0x0000017073c48d30 WorkerThread "GC Thread#6"                     [id=25680, stack(0x00000051ac100000,0x00000051ac200000) (1024K)]
  0x0000017078698f60 WorkerThread "GC Thread#7"                     [id=13776, stack(0x00000051ac600000,0x00000051ac700000) (1024K)]
  0x0000017078699300 WorkerThread "GC Thread#8"                     [id=6548, stack(0x00000051ac700000,0x00000051ac800000) (1024K)]
  0x00000170786996a0 WorkerThread "GC Thread#9"                     [id=11608, stack(0x00000051ac800000,0x00000051ac900000) (1024K)]
  0x0000017062640bd0 ConcurrentGCThread "G1 Main Marker"            [id=23156, stack(0x00000051aa800000,0x00000051aa900000) (1024K)]
  0x0000017062641880 WorkerThread "G1 Conc#0"                       [id=23388, stack(0x00000051aa900000,0x00000051aaa00000) (1024K)]
  0x00000170786ca5f0 WorkerThread "G1 Conc#1"                       [id=2428, stack(0x00000051aca00000,0x00000051acb00000) (1024K)]
  0x00000170786c8c90 WorkerThread "G1 Conc#2"                       [id=18300, stack(0x00000051acb00000,0x00000051acc00000) (1024K)]
  0x0000017072fac5b0 ConcurrentGCThread "G1 Refine#0"               [id=12072, stack(0x00000051aaa00000,0x00000051aab00000) (1024K)]
  0x0000017072fac9e0 ConcurrentGCThread "G1 Service"                [id=26876, stack(0x00000051aab00000,0x00000051aac00000) (1024K)]
Total: 18

Threads with active compile tasks:
Total: 0

VM state: at safepoint (normal execution)

VM Mutex/Monitor currently owned by a thread:  ([mutex/lock_event])
[0x00007ff9d58d62a8] Threads_lock - owner thread: 0x00000170730f18f0
[0x00007ff9d58d63a8] Heap_lock - owner thread: 0x00000170784da7d0

Heap address: 0x000000008ac00000, size: 1876 MB, Compressed Oops mode: 32-bit

CDS archive(s) mapped at: [0x0000017000000000-0x0000017000c90000-0x0000017000c90000), size 13172736, SharedBaseAddress: 0x0000017000000000, ArchiveRelocationMode: 1.
Compressed class space mapped at: 0x0000017001000000-0x0000017041000000, reserved size: 1073741824
Narrow klass base: 0x0000017000000000, Narrow klass shift: 0, Narrow klass range: 0x100000000

GC Precious Log:
 CardTable entry size: 512
 Card Set container configuration: InlinePtr #cards 5 size 8 Array Of Cards #cards 12 size 40 Howl #buckets 4 coarsen threshold 1843 Howl Bitmap #cards 512 size 80 coarsen threshold 460 Card regions per heap region 1 cards per card region 2048
 CPUs: 12 total, 12 available
 Memory: 7501M
 Large Page Support: Disabled
 NUMA Support: Disabled
 Compressed Oops: Enabled (32-bit)
 Heap Region Size: 1M
 Heap Min Capacity: 8M
 Heap Initial Capacity: 118M
 Heap Max Capacity: 1876M
 Pre-touch: Disabled
 Parallel Workers: 10
 Concurrent Workers: 3
 Concurrent Refinement Workers: 10
 Periodic GC: Disabled

Heap:
 garbage-first heap   total 121856K, used 56468K [0x000000008ac00000, 0x0000000100000000)
  region size 1024K, 2 young (2048K), 2 survivors (2048K)
 Metaspace       used 72616K, committed 73344K, reserved 1114112K
  class space    used 10525K, committed 10816K, reserved 1048576K

Heap Regions: E=young(eden), S=young(survivor), O=old, HS=humongous(starts), HC=humongous(continues), CS=collection set, F=free, TAMS=top-at-mark-start, PB=parsable bottom
|   0|0x000000008ac00000, 0x000000008ad00000, 0x000000008ad00000|100%|HS|  |TAMS 0x000000008ad00000| PB 0x000000008ac00000| Complete 
|   1|0x000000008ad00000, 0x000000008ae00000, 0x000000008ae00000|100%| O|  |TAMS 0x000000008ae00000| PB 0x000000008ad00000| Untracked 
|   2|0x000000008ae00000, 0x000000008af00000, 0x000000008af00000|100%| O|  |TAMS 0x000000008af00000| PB 0x000000008ae00000| Untracked 
|   3|0x000000008af00000, 0x000000008b000000, 0x000000008b000000|100%| O|  |TAMS 0x000000008b000000| PB 0x000000008af00000| Untracked 
|   4|0x000000008b000000, 0x000000008b100000, 0x000000008b100000|100%| O|  |TAMS 0x000000008b100000| PB 0x000000008b000000| Untracked 
|   5|0x000000008b100000, 0x000000008b200000, 0x000000008b200000|100%| O|  |TAMS 0x000000008b200000| PB 0x000000008b100000| Untracked 
|   6|0x000000008b200000, 0x000000008b300000, 0x000000008b300000|100%| O|  |TAMS 0x000000008b300000| PB 0x000000008b200000| Updating 
|   7|0x000000008b300000, 0x000000008b400000, 0x000000008b400000|100%| O|  |TAMS 0x000000008b400000| PB 0x000000008b300000| Updating 
|   8|0x000000008b400000, 0x000000008b500000, 0x000000008b500000|100%| O|  |TAMS 0x000000008b500000| PB 0x000000008b400000| Untracked 
|   9|0x000000008b500000, 0x000000008b600000, 0x000000008b600000|100%| O|  |TAMS 0x000000008b600000| PB 0x000000008b500000| Untracked 
|  10|0x000000008b600000, 0x000000008b700000, 0x000000008b700000|100%| O|  |TAMS 0x000000008b700000| PB 0x000000008b600000| Untracked 
|  11|0x000000008b700000, 0x000000008b800000, 0x000000008b800000|100%| O|  |TAMS 0x000000008b800000| PB 0x000000008b700000| Untracked 
|  12|0x000000008b800000, 0x000000008b900000, 0x000000008b900000|100%| O|  |TAMS 0x000000008b900000| PB 0x000000008b800000| Untracked 
|  13|0x000000008b900000, 0x000000008ba00000, 0x000000008ba00000|100%| O|  |TAMS 0x000000008ba00000| PB 0x000000008b900000| Untracked 
|  14|0x000000008ba00000, 0x000000008bb00000, 0x000000008bb00000|100%| O|  |TAMS 0x000000008bb00000| PB 0x000000008bb00000| Untracked 
|  15|0x000000008bb00000, 0x000000008bc00000, 0x000000008bc00000|100%| O|  |TAMS 0x000000008bc00000| PB 0x000000008bc00000| Updating 
|  16|0x000000008bc00000, 0x000000008bd00000, 0x000000008bd00000|100%| O|  |TAMS 0x000000008bd00000| PB 0x000000008bd00000| Untracked 
|  17|0x000000008bd00000, 0x000000008be00000, 0x000000008be00000|100%| O|  |TAMS 0x000000008be00000| PB 0x000000008be00000| Untracked 
|  18|0x000000008be00000, 0x000000008bf00000, 0x000000008bf00000|100%| O|  |TAMS 0x000000008bf00000| PB 0x000000008bf00000| Updating 
|  19|0x000000008bf00000, 0x000000008c000000, 0x000000008c000000|100%| O|  |TAMS 0x000000008c000000| PB 0x000000008c000000| Updating 
|  20|0x000000008c000000, 0x000000008c100000, 0x000000008c100000|100%| O|  |TAMS 0x000000008c100000| PB 0x000000008c100000| Untracked 
|  21|0x000000008c100000, 0x000000008c200000, 0x000000008c200000|100%| O|  |TAMS 0x000000008c200000| PB 0x000000008c200000| Untracked 
|  22|0x000000008c200000, 0x000000008c300000, 0x000000008c300000|100%| O|  |TAMS 0x000000008c300000| PB 0x000000008c300000| Updating 
|  23|0x000000008c300000, 0x000000008c400000, 0x000000008c400000|100%| O|  |TAMS 0x000000008c400000| PB 0x000000008c400000| Untracked 
|  24|0x000000008c400000, 0x000000008c500000, 0x000000008c500000|100%| O|  |TAMS 0x000000008c500000| PB 0x000000008c500000| Untracked 
|  25|0x000000008c500000, 0x000000008c600000, 0x000000008c600000|100%| O|  |TAMS 0x000000008c600000| PB 0x000000008c600000| Untracked 
|  26|0x000000008c600000, 0x000000008c700000, 0x000000008c700000|100%| O|  |TAMS 0x000000008c700000| PB 0x000000008c700000| Untracked 
|  27|0x000000008c700000, 0x000000008c800000, 0x000000008c800000|100%| O|  |TAMS 0x000000008c800000| PB 0x000000008c800000| Updating 
|  28|0x000000008c800000, 0x000000008c900000, 0x000000008c900000|100%| O|  |TAMS 0x000000008c900000| PB 0x000000008c900000| Updating 
|  29|0x000000008c900000, 0x000000008ca00000, 0x000000008ca00000|100%| O|  |TAMS 0x000000008ca00000| PB 0x000000008ca00000| Untracked 
|  30|0x000000008ca00000, 0x000000008cb00000, 0x000000008cb00000|100%| O|  |TAMS 0x000000008cb00000| PB 0x000000008cb00000| Untracked 
|  31|0x000000008cb00000, 0x000000008cc00000, 0x000000008cc00000|100%| O|  |TAMS 0x000000008cc00000| PB 0x000000008cc00000| Untracked 
|  32|0x000000008cc00000, 0x000000008cd00000, 0x000000008cd00000|100%| O|  |TAMS 0x000000008cd00000| PB 0x000000008cd00000| Updating 
|  33|0x000000008cd00000, 0x000000008ce00000, 0x000000008ce00000|100%| O|  |TAMS 0x000000008ce00000| PB 0x000000008ce00000| Untracked 
|  34|0x000000008ce00000, 0x000000008cf00000, 0x000000008cf00000|100%| O|  |TAMS 0x000000008cf00000| PB 0x000000008cf00000| Untracked 
|  35|0x000000008cf00000, 0x000000008d000000, 0x000000008d000000|100%| O|  |TAMS 0x000000008d000000| PB 0x000000008d000000| Untracked 
|  36|0x000000008d000000, 0x000000008d100000, 0x000000008d100000|100%| O|  |TAMS 0x000000008d100000| PB 0x000000008d100000| Untracked 
|  37|0x000000008d100000, 0x000000008d200000, 0x000000008d200000|100%| O|  |TAMS 0x000000008d200000| PB 0x000000008d200000| Untracked 
|  38|0x000000008d200000, 0x000000008d300000, 0x000000008d300000|100%| O|  |TAMS 0x000000008d200000| PB 0x000000008d200000| Untracked 
|  39|0x000000008d300000, 0x000000008d400000, 0x000000008d400000|100%| O|  |TAMS 0x000000008d400000| PB 0x000000008d400000| Untracked 
|  40|0x000000008d400000, 0x000000008d500000, 0x000000008d500000|100%| O|  |TAMS 0x000000008d500000| PB 0x000000008d500000| Untracked 
|  41|0x000000008d500000, 0x000000008d600000, 0x000000008d600000|100%| O|  |TAMS 0x000000008d500000| PB 0x000000008d500000| Untracked 
|  42|0x000000008d600000, 0x000000008d700000, 0x000000008d700000|100%| O|  |TAMS 0x000000008d700000| PB 0x000000008d700000| Untracked 
|  43|0x000000008d700000, 0x000000008d800000, 0x000000008d800000|100%| O|  |TAMS 0x000000008d800000| PB 0x000000008d800000| Untracked 
|  44|0x000000008d800000, 0x000000008d900000, 0x000000008d900000|100%| O|  |TAMS 0x000000008d900000| PB 0x000000008d900000| Untracked 
|  45|0x000000008d900000, 0x000000008da00000, 0x000000008da00000|100%| O|  |TAMS 0x000000008d900000| PB 0x000000008d900000| Untracked 
|  46|0x000000008da00000, 0x000000008db00000, 0x000000008db00000|100%| O|  |TAMS 0x000000008da00000| PB 0x000000008da00000| Untracked 
|  47|0x000000008db00000, 0x000000008dc00000, 0x000000008dc00000|100%| O|  |TAMS 0x000000008db00000| PB 0x000000008db00000| Untracked 
|  48|0x000000008dc00000, 0x000000008dd00000, 0x000000008dd00000|100%| O|  |TAMS 0x000000008dc00000| PB 0x000000008dc00000| Updating 
|  49|0x000000008dd00000, 0x000000008de00000, 0x000000008de00000|100%| O|  |TAMS 0x000000008dd00000| PB 0x000000008dd00000| Untracked 
|  50|0x000000008de00000, 0x000000008df00000, 0x000000008df00000|100%| O|  |TAMS 0x000000008de00000| PB 0x000000008de00000| Untracked 
|  51|0x000000008df00000, 0x000000008df00000, 0x000000008e000000|  0%| F|  |TAMS 0x000000008df00000| PB 0x000000008df00000| Untracked 
|  52|0x000000008e000000, 0x000000008e000000, 0x000000008e100000|  0%| F|  |TAMS 0x000000008e000000| PB 0x000000008e000000| Untracked 
|  53|0x000000008e100000, 0x000000008e100000, 0x000000008e200000|  0%| F|  |TAMS 0x000000008e100000| PB 0x000000008e100000| Untracked 
|  54|0x000000008e200000, 0x000000008e300000, 0x000000008e300000|100%| O|  |TAMS 0x000000008e200000| PB 0x000000008e200000| Untracked 
|  55|0x000000008e300000, 0x000000008e3253d0, 0x000000008e400000| 14%| O|  |TAMS 0x000000008e300000| PB 0x000000008e300000| Untracked 
|  56|0x000000008e400000, 0x000000008e400000, 0x000000008e500000|  0%| F|  |TAMS 0x000000008e400000| PB 0x000000008e400000| Untracked 
|  57|0x000000008e500000, 0x000000008e500000, 0x000000008e600000|  0%| F|  |TAMS 0x000000008e500000| PB 0x000000008e500000| Untracked 
|  58|0x000000008e600000, 0x000000008e600000, 0x000000008e700000|  0%| F|  |TAMS 0x000000008e600000| PB 0x000000008e600000| Untracked 
|  59|0x000000008e700000, 0x000000008e700000, 0x000000008e800000|  0%| F|  |TAMS 0x000000008e700000| PB 0x000000008e700000| Untracked 
|  60|0x000000008e800000, 0x000000008e800000, 0x000000008e900000|  0%| F|  |TAMS 0x000000008e800000| PB 0x000000008e800000| Untracked 
|  61|0x000000008e900000, 0x000000008e900000, 0x000000008ea00000|  0%| F|  |TAMS 0x000000008e900000| PB 0x000000008e900000| Untracked 
|  62|0x000000008ea00000, 0x000000008ea00000, 0x000000008eb00000|  0%| F|  |TAMS 0x000000008ea00000| PB 0x000000008ea00000| Untracked 
|  63|0x000000008eb00000, 0x000000008eb00000, 0x000000008ec00000|  0%| F|  |TAMS 0x000000008eb00000| PB 0x000000008eb00000| Untracked 
|  64|0x000000008ec00000, 0x000000008ec00000, 0x000000008ed00000|  0%| F|  |TAMS 0x000000008ec00000| PB 0x000000008ec00000| Untracked 
|  65|0x000000008ed00000, 0x000000008ed00000, 0x000000008ee00000|  0%| F|  |TAMS 0x000000008ed00000| PB 0x000000008ed00000| Untracked 
|  66|0x000000008ee00000, 0x000000008ee00000, 0x000000008ef00000|  0%| F|  |TAMS 0x000000008ee00000| PB 0x000000008ee00000| Untracked 
|  67|0x000000008ef00000, 0x000000008ef00000, 0x000000008f000000|  0%| F|  |TAMS 0x000000008ef00000| PB 0x000000008ef00000| Untracked 
|  68|0x000000008f000000, 0x000000008f000000, 0x000000008f100000|  0%| F|  |TAMS 0x000000008f000000| PB 0x000000008f000000| Untracked 
|  69|0x000000008f100000, 0x000000008f100000, 0x000000008f200000|  0%| F|  |TAMS 0x000000008f100000| PB 0x000000008f100000| Untracked 
|  70|0x000000008f200000, 0x000000008f200000, 0x000000008f300000|  0%| F|  |TAMS 0x000000008f200000| PB 0x000000008f200000| Untracked 
|  71|0x000000008f300000, 0x000000008f300000, 0x000000008f400000|  0%| F|  |TAMS 0x000000008f300000| PB 0x000000008f300000| Untracked 
|  72|0x000000008f400000, 0x000000008f400000, 0x000000008f500000|  0%| F|  |TAMS 0x000000008f400000| PB 0x000000008f400000| Untracked 
|  73|0x000000008f500000, 0x000000008f500000, 0x000000008f600000|  0%| F|  |TAMS 0x000000008f500000| PB 0x000000008f500000| Untracked 
|  74|0x000000008f600000, 0x000000008f600000, 0x000000008f700000|  0%| F|  |TAMS 0x000000008f600000| PB 0x000000008f600000| Untracked 
|  75|0x000000008f700000, 0x000000008f700000, 0x000000008f800000|  0%| F|  |TAMS 0x000000008f700000| PB 0x000000008f700000| Untracked 
|  76|0x000000008f800000, 0x000000008f800000, 0x000000008f900000|  0%| F|  |TAMS 0x000000008f800000| PB 0x000000008f800000| Untracked 
|  77|0x000000008f900000, 0x000000008f900000, 0x000000008fa00000|  0%| F|  |TAMS 0x000000008f900000| PB 0x000000008f900000| Untracked 
|  78|0x000000008fa00000, 0x000000008fa00000, 0x000000008fb00000|  0%| F|  |TAMS 0x000000008fa00000| PB 0x000000008fa00000| Untracked 
|  79|0x000000008fb00000, 0x000000008fc00000, 0x000000008fc00000|100%| S|CS|TAMS 0x000000008fb00000| PB 0x000000008fb00000| Complete 
|  80|0x000000008fc00000, 0x000000008fd00000, 0x000000008fd00000|100%| S|CS|TAMS 0x000000008fc00000| PB 0x000000008fc00000| Complete 
|  81|0x000000008fd00000, 0x000000008fd00000, 0x000000008fe00000|  0%| F|  |TAMS 0x000000008fd00000| PB 0x000000008fd00000| Untracked 
|  82|0x000000008fe00000, 0x000000008fe00000, 0x000000008ff00000|  0%| F|  |TAMS 0x000000008fe00000| PB 0x000000008fe00000| Untracked 
|  83|0x000000008ff00000, 0x000000008ff00000, 0x0000000090000000|  0%| F|  |TAMS 0x000000008ff00000| PB 0x000000008ff00000| Untracked 
|  84|0x0000000090000000, 0x0000000090000000, 0x0000000090100000|  0%| F|  |TAMS 0x0000000090000000| PB 0x0000000090000000| Untracked 
|  85|0x0000000090100000, 0x0000000090100000, 0x0000000090200000|  0%| F|  |TAMS 0x0000000090100000| PB 0x0000000090100000| Untracked 
|  86|0x0000000090200000, 0x0000000090200000, 0x0000000090300000|  0%| F|  |TAMS 0x0000000090200000| PB 0x0000000090200000| Untracked 
|  87|0x0000000090300000, 0x0000000090300000, 0x0000000090400000|  0%| F|  |TAMS 0x0000000090300000| PB 0x0000000090300000| Untracked 
|  88|0x0000000090400000, 0x0000000090400000, 0x0000000090500000|  0%| F|  |TAMS 0x0000000090400000| PB 0x0000000090400000| Untracked 
|  89|0x0000000090500000, 0x0000000090500000, 0x0000000090600000|  0%| F|  |TAMS 0x0000000090500000| PB 0x0000000090500000| Untracked 
|  90|0x0000000090600000, 0x0000000090600000, 0x0000000090700000|  0%| F|  |TAMS 0x0000000090600000| PB 0x0000000090600000| Untracked 
|  91|0x0000000090700000, 0x0000000090700000, 0x0000000090800000|  0%| F|  |TAMS 0x0000000090700000| PB 0x0000000090700000| Untracked 
|  92|0x0000000090800000, 0x0000000090800000, 0x0000000090900000|  0%| F|  |TAMS 0x0000000090800000| PB 0x0000000090800000| Untracked 
|  93|0x0000000090900000, 0x0000000090900000, 0x0000000090a00000|  0%| F|  |TAMS 0x0000000090900000| PB 0x0000000090900000| Untracked 
|  94|0x0000000090a00000, 0x0000000090a00000, 0x0000000090b00000|  0%| F|  |TAMS 0x0000000090a00000| PB 0x0000000090a00000| Untracked 
|  95|0x0000000090b00000, 0x0000000090b00000, 0x0000000090c00000|  0%| F|  |TAMS 0x0000000090b00000| PB 0x0000000090b00000| Untracked 
|  96|0x0000000090c00000, 0x0000000090c00000, 0x0000000090d00000|  0%| F|  |TAMS 0x0000000090c00000| PB 0x0000000090c00000| Untracked 
|  97|0x0000000090d00000, 0x0000000090d00000, 0x0000000090e00000|  0%| F|  |TAMS 0x0000000090d00000| PB 0x0000000090d00000| Untracked 
|  98|0x0000000090e00000, 0x0000000090e00000, 0x0000000090f00000|  0%| F|  |TAMS 0x0000000090e00000| PB 0x0000000090e00000| Untracked 
|  99|0x0000000090f00000, 0x0000000090f00000, 0x0000000091000000|  0%| F|  |TAMS 0x0000000090f00000| PB 0x0000000090f00000| Untracked 
| 100|0x0000000091000000, 0x0000000091000000, 0x0000000091100000|  0%| F|  |TAMS 0x0000000091000000| PB 0x0000000091000000| Untracked 
| 101|0x0000000091100000, 0x0000000091100000, 0x0000000091200000|  0%| F|  |TAMS 0x0000000091100000| PB 0x0000000091100000| Untracked 
| 102|0x0000000091200000, 0x0000000091200000, 0x0000000091300000|  0%| F|  |TAMS 0x0000000091200000| PB 0x0000000091200000| Untracked 
| 103|0x0000000091300000, 0x0000000091300000, 0x0000000091400000|  0%| F|  |TAMS 0x0000000091300000| PB 0x0000000091300000| Untracked 
| 104|0x0000000091400000, 0x0000000091400000, 0x0000000091500000|  0%| F|  |TAMS 0x0000000091400000| PB 0x0000000091400000| Untracked 
| 105|0x0000000091500000, 0x0000000091500000, 0x0000000091600000|  0%| F|  |TAMS 0x0000000091500000| PB 0x0000000091500000| Untracked 
| 106|0x0000000091600000, 0x0000000091600000, 0x0000000091700000|  0%| F|  |TAMS 0x0000000091600000| PB 0x0000000091600000| Untracked 
| 107|0x0000000091700000, 0x0000000091700000, 0x0000000091800000|  0%| F|  |TAMS 0x0000000091700000| PB 0x0000000091700000| Untracked 
| 108|0x0000000091800000, 0x0000000091800000, 0x0000000091900000|  0%| F|  |TAMS 0x0000000091800000| PB 0x0000000091800000| Untracked 
| 109|0x0000000091900000, 0x0000000091900000, 0x0000000091a00000|  0%| F|  |TAMS 0x0000000091900000| PB 0x0000000091900000| Untracked 
| 110|0x0000000091a00000, 0x0000000091a00000, 0x0000000091b00000|  0%| F|  |TAMS 0x0000000091a00000| PB 0x0000000091a00000| Untracked 
| 111|0x0000000091b00000, 0x0000000091b00000, 0x0000000091c00000|  0%| F|  |TAMS 0x0000000091b00000| PB 0x0000000091b00000| Untracked 
| 112|0x0000000091c00000, 0x0000000091c00000, 0x0000000091d00000|  0%| F|  |TAMS 0x0000000091c00000| PB 0x0000000091c00000| Untracked 
| 113|0x0000000091d00000, 0x0000000091d00000, 0x0000000091e00000|  0%| F|  |TAMS 0x0000000091d00000| PB 0x0000000091d00000| Untracked 
| 114|0x0000000091e00000, 0x0000000091e00000, 0x0000000091f00000|  0%| F|  |TAMS 0x0000000091e00000| PB 0x0000000091e00000| Untracked 
| 115|0x0000000091f00000, 0x0000000091f00000, 0x0000000092000000|  0%| F|  |TAMS 0x0000000091f00000| PB 0x0000000091f00000| Untracked 
| 116|0x0000000092000000, 0x0000000092000000, 0x0000000092100000|  0%| F|  |TAMS 0x0000000092000000| PB 0x0000000092000000| Untracked 
| 117|0x0000000092100000, 0x0000000092100000, 0x0000000092200000|  0%| F|  |TAMS 0x0000000092100000| PB 0x0000000092100000| Untracked 
|1875|0x00000000fff00000, 0x0000000100000000, 0x0000000100000000|100%| O|  |TAMS 0x00000000fffef100| PB 0x00000000fff00000| Updating 

Card table byte_map: [0x000001706e390000,0x000001706e740000] _byte_map_base: 0x000001706df3a000

Marking Bits: (CMBitMap*) 0x0000017062631870
 Bits: [0x000001706e740000, 0x0000017070490000)

Polling page: 0x0000017060510000

Metaspace:

Usage:
  Non-class:     60.64 MB used.
      Class:     10.28 MB used.
       Both:     70.91 MB used.

Virtual space:
  Non-class space:       64.00 MB reserved,      61.06 MB ( 95%) committed,  1 nodes.
      Class space:        1.00 GB reserved,      10.56 MB (  1%) committed,  1 nodes.
             Both:        1.06 GB reserved,      71.62 MB (  7%) committed. 

Chunk freelists:
   Non-Class:  2.13 MB
       Class:  5.44 MB
        Both:  7.57 MB

MaxMetaspaceSize: unlimited
CompressedClassSpaceSize: 1.00 GB
Initial GC threshold: 21.00 MB
Current GC threshold: 119.38 MB
CDS: on
 - commit_granule_bytes: 65536.
 - commit_granule_words: 8192.
 - virtual_space_node_default_size: 8388608.
 - enlarge_chunks_in_place: 1.
 - use_allocation_guard: 0.


Internal statistics:

num_allocs_failed_limit: 9.
num_arena_births: 1066.
num_arena_deaths: 2.
num_vsnodes_births: 2.
num_vsnodes_deaths: 0.
num_space_committed: 1146.
num_space_uncommitted: 0.
num_chunks_returned_to_freelist: 12.
num_chunks_taken_from_freelist: 3597.
num_chunk_merges: 9.
num_chunk_splits: 2634.
num_chunks_enlarged: 2057.
num_inconsistent_stats: 0.

CodeCache: size=49152Kb used=14244Kb max_used=15112Kb free=34907Kb
 bounds [0x000001706acb0000, 0x000001706bb80000, 0x000001706dcb0000]
 total_blobs=7698 nmethods=6991 adapters=627
 compilation: enabled
              stopped_count=0, restarted_count=0
 full_count=0

Compilation events (20 events):
Event: 9.955 Thread 0x00000170739eb1d0 8316       1       org.antlr.v4.runtime.Parser::match (90 bytes)
Event: 9.955 Thread 0x00000170730dd990 nmethod 8312 0x000001706bb6d690 code [0x000001706bb6d820, 0x000001706bb6d928]
Event: 9.955 Thread 0x00000170730dd990 8317       1       org.springframework.data.jpa.repository.query.JpaQueryParsingToken::<init> (12 bytes)
Event: 9.955 Thread 0x00000170739e8b10 8318       1       org.springframework.data.jpa.repository.query.JpaQueryParsingToken$$Lambda/0x00000170019ffa70::<init> (10 bytes)
Event: 9.955 Thread 0x00000170739e8b10 nmethod 8318 0x000001706bb6da10 code [0x000001706bb6dba0, 0x000001706bb6dcb0]
Event: 9.955 Thread 0x00000170739e8b10 8319       1       org.springframework.data.jpa.repository.query.JpaQueryParsingToken::<init> (11 bytes)
Event: 9.955 Thread 0x00000170730dd990 nmethod 8317 0x000001706bb6dd10 code [0x000001706bb6dec0, 0x000001706bb6e080]
Event: 9.955 Thread 0x00000170739eb1d0 nmethod 8316 0x000001706bb6e190 code [0x000001706bb6e3c0, 0x000001706bb6e978]
Event: 9.956 Thread 0x00000170731235e0 nmethod 8314 0x000001706bb6ec90 code [0x000001706bb6ef60, 0x000001706bb6f9f8]
Event: 9.956 Thread 0x00000170739e8b10 nmethod 8319 0x000001706bb6ff90 code [0x000001706bb70160, 0x000001706bb703f8]
Event: 9.962 Thread 0x00000170739e8b10 8320       1       org.antlr.v4.runtime.atn.EmptyPredictionContext::getReturnState (5 bytes)
Event: 9.962 Thread 0x00000170739e8b10 nmethod 8320 0x000001706bb70610 code [0x000001706bb707a0, 0x000001706bb70868]
Event: 9.967 Thread 0x00000170739e8b10 8321       1       org.antlr.v4.runtime.misc.FlexibleHashMap::<init> (60 bytes)
Event: 9.967 Thread 0x00000170739e8b10 nmethod 8321 0x000001706bb70910 code [0x000001706bb70ae0, 0x000001706bb70d88]
Event: 9.973 Thread 0x00000170739e8b10 8322       1       org.antlr.v4.runtime.atn.PredictionMode::allConfigsInRuleStopStates (41 bytes)
Event: 9.974 Thread 0x00000170739e8b10 nmethod 8322 0x000001706bb70e90 code [0x000001706bb71040, 0x000001706bb712e8]
Event: 9.980 Thread 0x00000170739eb1d0 8323       1       org.antlr.v4.runtime.atn.PredictionMode::hasSLLConflictTerminatingPrediction (109 bytes)
Event: 9.980 Thread 0x00000170739e8b10 8324       1       org.antlr.v4.runtime.BailErrorStrategy::sync (1 bytes)
Event: 9.980 Thread 0x00000170739eb1d0 nmethod 8323 0x000001706bb71490 code [0x000001706bb716c0, 0x000001706bb71ba0]
Event: 9.981 Thread 0x00000170739e8b10 nmethod 8324 0x000001706bb71e90 code [0x000001706bb72020, 0x000001706bb720e8]

GC Heap History (20 events):
Event: 7.135 GC heap after
{Heap after GC invocations=16 (full 0):
 garbage-first heap   total 70656K, used 35027K [0x000000008ac00000, 0x0000000100000000)
  region size 1024K, 2 young (2048K), 2 survivors (2048K)
 Metaspace       used 56091K, committed 56768K, reserved 1114112K
  class space    used 7662K, committed 7936K, reserved 1048576K
}
Event: 7.699 GC heap before
{Heap before GC invocations=17 (full 0):
 garbage-first heap   total 70656K, used 63699K [0x000000008ac00000, 0x0000000100000000)
  region size 1024K, 30 young (30720K), 2 survivors (2048K)
 Metaspace       used 60495K, committed 61184K, reserved 1114112K
  class space    used 8568K, committed 8896K, reserved 1048576K
}
Event: 7.701 GC heap after
{Heap after GC invocations=18 (full 0):
 garbage-first heap   total 70656K, used 35628K [0x000000008ac00000, 0x0000000100000000)
  region size 1024K, 3 young (3072K), 3 survivors (3072K)
 Metaspace       used 60495K, committed 61184K, reserved 1114112K
  class space    used 8568K, committed 8896K, reserved 1048576K
}
Event: 8.533 GC heap before
{Heap before GC invocations=18 (full 0):
 garbage-first heap   total 70656K, used 62252K [0x000000008ac00000, 0x0000000100000000)
  region size 1024K, 29 young (29696K), 3 survivors (3072K)
 Metaspace       used 64271K, committed 65024K, reserved 1114112K
  class space    used 9156K, committed 9472K, reserved 1048576K
}
Event: 8.538 GC heap after
{Heap after GC invocations=19 (full 0):
 garbage-first heap   total 70656K, used 36537K [0x000000008ac00000, 0x0000000100000000)
  region size 1024K, 3 young (3072K), 3 survivors (3072K)
 Metaspace       used 64271K, committed 65024K, reserved 1114112K
  class space    used 9156K, committed 9472K, reserved 1048576K
}
Event: 9.050 GC heap before
{Heap before GC invocations=19 (full 0):
 garbage-first heap   total 70656K, used 63161K [0x000000008ac00000, 0x0000000100000000)
  region size 1024K, 29 young (29696K), 3 survivors (3072K)
 Metaspace       used 68457K, committed 69184K, reserved 1114112K
  class space    used 9701K, committed 10048K, reserved 1048576K
}
Event: 9.055 GC heap after
{Heap after GC invocations=20 (full 0):
 garbage-first heap   total 70656K, used 38753K [0x000000008ac00000, 0x0000000100000000)
  region size 1024K, 4 young (4096K), 4 survivors (4096K)
 Metaspace       used 68457K, committed 69184K, reserved 1114112K
  class space    used 9701K, committed 10048K, reserved 1048576K
}
Event: 9.356 GC heap before
{Heap before GC invocations=21 (full 0):
 garbage-first heap   total 70656K, used 61281K [0x000000008ac00000, 0x0000000100000000)
  region size 1024K, 27 young (27648K), 4 survivors (4096K)
 Metaspace       used 70944K, committed 71680K, reserved 1114112K
  class space    used 10290K, committed 10624K, reserved 1048576K
}
Event: 9.360 GC heap after
{Heap after GC invocations=22 (full 0):
 garbage-first heap   total 70656K, used 41195K [0x000000008ac00000, 0x0000000100000000)
  region size 1024K, 3 young (3072K), 3 survivors (3072K)
 Metaspace       used 70944K, committed 71680K, reserved 1114112K
  class space    used 10290K, committed 10624K, reserved 1048576K
}
Event: 9.600 GC heap before
{Heap before GC invocations=22 (full 0):
 garbage-first heap   total 70656K, used 61675K [0x000000008ac00000, 0x0000000100000000)
  region size 1024K, 24 young (24576K), 3 survivors (3072K)
 Metaspace       used 72275K, committed 73024K, reserved 1114112K
  class space    used 10476K, committed 10816K, reserved 1048576K
}
Event: 9.604 GC heap after
{Heap after GC invocations=23 (full 0):
 garbage-first heap   total 70656K, used 41257K [0x000000008ac00000, 0x0000000100000000)
  region size 1024K, 2 young (2048K), 2 survivors (2048K)
 Metaspace       used 72275K, committed 73024K, reserved 1114112K
  class space    used 10476K, committed 10816K, reserved 1048576K
}
Event: 9.819 GC heap before
{Heap before GC invocations=23 (full 0):
 garbage-first heap   total 70656K, used 63785K [0x000000008ac00000, 0x0000000100000000)
  region size 1024K, 24 young (24576K), 2 survivors (2048K)
 Metaspace       used 72571K, committed 73344K, reserved 1114112K
  class space    used 10512K, committed 10816K, reserved 1048576K
}
Event: 9.821 GC heap after
{Heap after GC invocations=24 (full 0):
 garbage-first heap   total 70656K, used 42523K [0x000000008ac00000, 0x0000000100000000)
  region size 1024K, 3 young (3072K), 3 survivors (3072K)
 Metaspace       used 72571K, committed 73344K, reserved 1114112K
  class space    used 10512K, committed 10816K, reserved 1048576K
}
Event: 9.884 GC heap before
{Heap before GC invocations=25 (full 0):
 garbage-first heap   total 71680K, used 63003K [0x000000008ac00000, 0x0000000100000000)
  region size 1024K, 23 young (23552K), 3 survivors (3072K)
 Metaspace       used 72576K, committed 73344K, reserved 1114112K
  class space    used 10512K, committed 10816K, reserved 1048576K
}
Event: 9.887 GC heap after
{Heap after GC invocations=26 (full 0):
 garbage-first heap   total 71680K, used 44288K [0x000000008ac00000, 0x0000000100000000)
  region size 1024K, 3 young (3072K), 3 survivors (3072K)
 Metaspace       used 72576K, committed 73344K, reserved 1114112K
  class space    used 10512K, committed 10816K, reserved 1048576K
}
Event: 9.935 GC heap before
{Heap before GC invocations=26 (full 0):
 garbage-first heap   total 71680K, used 63744K [0x000000008ac00000, 0x0000000100000000)
  region size 1024K, 22 young (22528K), 3 survivors (3072K)
 Metaspace       used 72615K, committed 73344K, reserved 1114112K
  class space    used 10524K, committed 10816K, reserved 1048576K
}
Event: 9.940 GC heap after
{Heap after GC invocations=27 (full 0):
 garbage-first heap   total 72704K, used 48060K [0x000000008ac00000, 0x0000000100000000)
  region size 1024K, 3 young (3072K), 3 survivors (3072K)
 Metaspace       used 72615K, committed 73344K, reserved 1114112K
  class space    used 10524K, committed 10816K, reserved 1048576K
}
Event: 9.975 GC heap before
{Heap before GC invocations=27 (full 0):
 garbage-first heap   total 72704K, used 64444K [0x000000008ac00000, 0x0000000100000000)
  region size 1024K, 19 young (19456K), 3 survivors (3072K)
 Metaspace       used 72620K, committed 73344K, reserved 1114112K
  class space    used 10525K, committed 10816K, reserved 1048576K
}
Event: 9.979 GC heap after
{Heap after GC invocations=28 (full 0):
 garbage-first heap   total 72704K, used 52057K [0x000000008ac00000, 0x0000000100000000)
  region size 1024K, 3 young (3072K), 3 survivors (3072K)
 Metaspace       used 72620K, committed 73344K, reserved 1114112K
  class space    used 10525K, committed 10816K, reserved 1048576K
}
Event: 10.020 GC heap before
{Heap before GC invocations=28 (full 0):
 garbage-first heap   total 87040K, used 64345K [0x000000008ac00000, 0x0000000100000000)
  region size 1024K, 15 young (15360K), 3 survivors (3072K)
 Metaspace       used 72616K, committed 73344K, reserved 1114112K
  class space    used 10525K, committed 10816K, reserved 1048576K
}

Dll operation events (13 events):
Event: 0.012 Loaded shared library C:\Users\USER\.jdks\corretto-21.0.4\bin\java.dll
Event: 0.176 Loaded shared library C:\Users\USER\.jdks\corretto-21.0.4\bin\zip.dll
Event: 0.182 Loaded shared library C:\Users\USER\.jdks\corretto-21.0.4\bin\instrument.dll
Event: 0.189 Loaded shared library C:\Users\USER\.jdks\corretto-21.0.4\bin\net.dll
Event: 0.191 Loaded shared library C:\Users\USER\.jdks\corretto-21.0.4\bin\nio.dll
Event: 0.197 Loaded shared library C:\Users\USER\.jdks\corretto-21.0.4\bin\zip.dll
Event: 0.373 Loaded shared library C:\Program Files\JetBrains\IntelliJ IDEA 2024.2.1\bin\breakgen64.dll
Event: 0.382 Loaded shared library C:\Users\USER\.jdks\corretto-21.0.4\bin\jimage.dll
Event: 0.386 Loaded shared library C:\Users\USER\.jdks\corretto-21.0.4\bin\extnet.dll
Event: 0.407 Loaded shared library C:\Users\USER\.jdks\corretto-21.0.4\bin\management.dll
Event: 0.425 Loaded shared library C:\Users\USER\.jdks\corretto-21.0.4\bin\management_ext.dll
Event: 2.155 Loaded shared library C:\Users\USER\.jdks\corretto-21.0.4\bin\sunmscapi.dll
Event: 6.043 Loaded shared library C:\Users\USER\.jdks\corretto-21.0.4\bin\verify.dll

Deoptimization events (4 events):
Event: 4.136 Thread 0x00000170784da7d0 DEOPT PACKING pc=0x000001706b681e1c sp=0x00000051ac3fd8c0
Event: 4.136 Thread 0x00000170784da7d0 DEOPT UNPACKING pc=0x000001706ad04e42 sp=0x00000051ac3fce68 mode 0
Event: 8.751 Thread 0x00000170784da7d0 DEOPT PACKING pc=0x000001706b319c9c sp=0x00000051ac3fc0f0
Event: 8.751 Thread 0x00000170784da7d0 DEOPT UNPACKING pc=0x000001706ad04e42 sp=0x00000051ac3fb648 mode 0

Classes loaded (20 events):
Event: 8.860 Loading class java/lang/Character$UnicodeBlock
Event: 8.861 Loading class java/lang/Character$Subset
Event: 8.862 Loading class java/lang/Character$Subset done
Event: 8.863 Loading class java/lang/Character$UnicodeBlock done
Event: 8.912 Loading class java/util/regex/Pattern$Bound
Event: 8.913 Loading class java/util/regex/Pattern$Bound done
Event: 8.913 Loading class java/util/regex/Pattern$Behind
Event: 8.913 Loading class java/util/regex/Pattern$Behind done
Event: 9.018 Loading class java/io/InvalidClassException
Event: 9.018 Loading class java/io/InvalidClassException done
Event: 9.625 Loading class java/lang/invoke/MethodHandleImpl$CountingWrapper$1
Event: 9.625 Loading class java/lang/invoke/MethodHandleImpl$CountingWrapper$1 done
Event: 9.636 Loading class sun/reflect/ReflectionFactory
Event: 9.636 Loading class sun/reflect/ReflectionFactory done
Event: 9.636 Loading class sun/reflect/ReflectionFactory$1
Event: 9.636 Loading class sun/reflect/ReflectionFactory$1 done
Event: 9.636 Loading class java/io/OptionalDataException
Event: 9.636 Loading class java/io/OptionalDataException done
Event: 9.767 Loading class java/lang/invoke/SerializedLambda
Event: 9.767 Loading class java/lang/invoke/SerializedLambda done

Classes unloaded (1 events):
Event: 10.001 Thread 0x00000170730f18f0 Unloading class 0x0000017001a8c000 'jdk/internal/reflect/GeneratedSerializationConstructorAccessor18'

Classes redefined (0 events):
No events

Internal exceptions (20 events):
Event: 7.839 Thread 0x00000170784da7d0 Exception <a 'java/lang/NoSuchMethodError'{0x000000008ebc7e98}: 'java.lang.Object java.lang.invoke.DirectMethodHandle$Holder.newInvokeSpecial(java.lang.Object, java.lang.Object, int, java.lang.Object)'> (0x000000008ebc7e98) 
thrown [s\src\hotspot\share\interpreter\linkResolver.cpp, line 773]
Event: 7.839 Thread 0x00000170784da7d0 Exception <a 'java/lang/NoSuchMethodError'{0x000000008ebcb868}: 'java.lang.Object java.lang.invoke.Invokers$Holder.linkToTargetMethod(java.lang.Object, int, java.lang.Object, java.lang.Object)'> (0x000000008ebcb868) 
thrown [s\src\hotspot\share\interpreter\linkResolver.cpp, line 773]
Event: 7.849 Thread 0x00000170784da7d0 Exception <a 'java/lang/NoSuchMethodError'{0x000000008ea27720}: 'void java.lang.invoke.DirectMethodHandle$Holder.invokeSpecial(java.lang.Object, java.lang.Object, java.lang.Object, java.lang.Object, java.lang.Object, java.lang.Object, java.lang.Object, java.lang.Object)'> (0x000000008ea27720) 
thrown [s\src\hotspot\share\interpreter\linkResolver.cpp, line 773]
Event: 7.859 Thread 0x00000170784da7d0 Exception <a 'java/lang/NoSuchMethodError'{0x000000008ea6c840}: 'java.lang.Object java.lang.invoke.DirectMethodHandle$Holder.newInvokeSpecial(java.lang.Object, java.lang.Object, int)'> (0x000000008ea6c840) 
thrown [s\src\hotspot\share\interpreter\linkResolver.cpp, line 773]
Event: 7.901 Thread 0x00000170784da7d0 Exception <a 'java/lang/NoSuchMethodError'{0x000000008e8f6510}: 'java.lang.Object java.lang.invoke.DirectMethodHandle$Holder.newInvokeSpecial(java.lang.Object, java.lang.Object, java.lang.Object, java.lang.Object, java.lang.Object, int, java.lang.Object)'> (0x000000008e8f6510) 
thrown [s\src\hotspot\share\interpreter\linkResolver.cpp, line 773]
Event: 7.908 Thread 0x00000170784da7d0 Exception <a 'java/lang/NoSuchMethodError'{0x000000008e731b30}: 'java.lang.Object java.lang.invoke.DirectMethodHandle$Holder.newInvokeSpecial(java.lang.Object, java.lang.Object, java.lang.Object, java.lang.Object, java.lang.Object, java.lang.Object, java.lang.Object, java.lang.Object, java.lang.Object, java.lang.Object, java.lang.Object, java.lang.Object)'> (0x000000008e731b30) 
thrown [s\src\hotspot\share\interpreter\linkResolver.cpp, line 773]
Event: 7.908 Thread 0x00000170784da7d0 Exception <a 'java/lang/NoSuchMethodError'{0x000000008e736458}: 'java.lang.Object java.lang.invoke.DirectMethodHandle$Holder.invokeSpecial(java.lang.Object, java.lang.Object, java.lang.Object, java.lang.Object, java.lang.Object, java.lang.Object, java.lang.Object, java.lang.Object, java.lang.Object, java.lang.Object, java.lang.Object, java.lang.Object, java.lang.Object)'> (0x000000008e736458) 
thrown [s\src\hotspot\share\interpreter\linkResolver.cpp, line 773]
Event: 7.908 Thread 0x00000170784da7d0 Exception <a 'java/lang/NoSuchMethodError'{0x000000008e73a940}: 'java.lang.Object java.lang.invoke.Invokers$Holder.linkToTargetMethod(java.lang.Object, java.lang.Object, java.lang.Object, java.lang.Object, java.lang.Object, java.lang.Object, java.lang.Object, java.lang.Object, java.lang.Object, java.lang.Object, java.lang.Object, java.lang.Object)'> (0x000000008e73a940) 
thrown [s\src\hotspot\share\interpreter\linkResolver.cpp, line 773]
Event: 7.978 Thread 0x00000170784da7d0 Exception <a 'java/lang/NoSuchMethodError'{0x000000008e5d33e8}: 'java.lang.Object java.lang.invoke.DirectMethodHandle$Holder.newInvokeSpecial(java.lang.Object, java.lang.Object, int, java.lang.Object, int, java.lang.Object, java.lang.Object)'> (0x000000008e5d33e8) 
thrown [s\src\hotspot\share\interpreter\linkResolver.cpp, line 773]
Event: 8.000 Thread 0x00000170784da7d0 Exception <a 'java/lang/NoSuchMethodError'{0x000000008e498448}: 'java.lang.Object java.lang.invoke.DirectMethodHandle$Holder.newInvokeSpecial(java.lang.Object, java.lang.Object, java.lang.Object, java.lang.Object, java.lang.Object, java.lang.Object, java.lang.Object, int)'> (0x000000008e498448) 
thrown [s\src\hotspot\share\interpreter\linkResolver.cpp, line 773]
Event: 8.001 Thread 0x00000170784da7d0 Exception <a 'java/lang/NoSuchMethodError'{0x000000008e49ca88}: 'java.lang.Object java.lang.invoke.DirectMethodHandle$Holder.invokeSpecial(java.lang.Object, java.lang.Object, java.lang.Object, java.lang.Object, java.lang.Object, java.lang.Object, java.lang.Object, java.lang.Object, int)'> (0x000000008e49ca88) 
thrown [s\src\hotspot\share\interpreter\linkResolver.cpp, line 773]
Event: 8.001 Thread 0x00000170784da7d0 Exception <a 'java/lang/NoSuchMethodError'{0x000000008e4a0ab0}: 'java.lang.Object java.lang.invoke.Invokers$Holder.linkToTargetMethod(java.lang.Object, java.lang.Object, java.lang.Object, java.lang.Object, java.lang.Object, java.lang.Object, int, java.lang.Object)'> (0x000000008e4a0ab0) 
thrown [s\src\hotspot\share\interpreter\linkResolver.cpp, line 773]
Event: 8.251 Thread 0x00000170784da7d0 Exception <a 'java/lang/NoSuchMethodError'{0x000000008de95468}: 'java.lang.Object java.lang.invoke.DirectMethodHandle$Holder.invokeSpecial(java.lang.Object, java.lang.Object, int, java.lang.Object, int)'> (0x000000008de95468) 
thrown [s\src\hotspot\share\interpreter\linkResolver.cpp, line 773]
Event: 8.460 Thread 0x00000170784da7d0 Exception <a 'java/lang/NoSuchMethodError'{0x000000008dbf3be8}: 'void java.lang.invoke.Invokers$Holder.invokeExact_MT(java.lang.Object, java.lang.Object, java.lang.Object, java.lang.Object)'> (0x000000008dbf3be8) 
thrown [s\src\hotspot\share\interpreter\linkResolver.cpp, line 773]
Event: 8.571 Thread 0x00000170784da7d0 Exception <a 'java/lang/IncompatibleClassChangeError'{0x000000008effdab0}: Found class java.lang.Object, but interface was expected> (0x000000008effdab0) 
thrown [s\src\hotspot\share\interpreter\linkResolver.cpp, line 840]
Event: 8.604 Thread 0x00000170784da7d0 Exception <a 'java/lang/IncompatibleClassChangeError'{0x000000008ecce050}: Found class java.lang.Object, but interface was expected> (0x000000008ecce050) 
thrown [s\src\hotspot\share\interpreter\linkResolver.cpp, line 840]
Event: 8.655 Thread 0x00000170784da7d0 Exception <a 'java/lang/IncompatibleClassChangeError'{0x000000008e88aca8}: Found class java.lang.Object, but interface was expected> (0x000000008e88aca8) 
thrown [s\src\hotspot\share\interpreter\linkResolver.cpp, line 840]
Event: 8.799 Thread 0x00000170784da7d0 Exception <a 'java/lang/IncompatibleClassChangeError'{0x000000008df32dc8}: Found class java.lang.Object, but interface was expected> (0x000000008df32dc8) 
thrown [s\src\hotspot\share\interpreter\linkResolver.cpp, line 840]
Event: 8.878 Thread 0x00000170784da7d0 Exception <a 'java/lang/IncompatibleClassChangeError'{0x000000008dc63d50}: Found class java.lang.Object, but interface was expected> (0x000000008dc63d50) 
thrown [s\src\hotspot\share\interpreter\linkResolver.cpp, line 840]
Event: 8.939 Thread 0x00000170784da7d0 Exception <a 'java/lang/NoSuchMethodError'{0x000000008da5e708}: 'java.lang.Object java.lang.invoke.DirectMethodHandle$Holder.invokeStatic(java.lang.Object, int, java.lang.Object)'> (0x000000008da5e708) 
thrown [s\src\hotspot\share\interpreter\linkResolver.cpp, line 773]

ZGC Phase Switch (0 events):
No events

VM Operations (20 events):
Event: 9.390 Executing VM operation: HandshakeAllThreads (Deoptimize) done
Event: 9.600 Executing VM operation: G1CollectForAllocation (G1 Evacuation Pause)
Event: 9.604 Executing VM operation: G1CollectForAllocation (G1 Evacuation Pause) done
Event: 9.619 Executing VM operation: HandshakeAllThreads (Deoptimize)
Event: 9.619 Executing VM operation: HandshakeAllThreads (Deoptimize) done
Event: 9.819 Executing VM operation: G1CollectForAllocation (G1 Evacuation Pause)
Event: 9.821 Executing VM operation: G1CollectForAllocation (G1 Evacuation Pause) done
Event: 9.848 Executing VM operation: G1PauseRemark
Event: 9.851 Executing VM operation: G1PauseRemark done
Event: 9.868 Executing VM operation: G1PauseCleanup
Event: 9.868 Executing VM operation: G1PauseCleanup done
Event: 9.884 Executing VM operation: G1CollectForAllocation (G1 Evacuation Pause)
Event: 9.887 Executing VM operation: G1CollectForAllocation (G1 Evacuation Pause) done
Event: 9.935 Executing VM operation: G1CollectForAllocation (G1 Evacuation Pause)
Event: 9.940 Executing VM operation: G1CollectForAllocation (G1 Evacuation Pause) done
Event: 9.975 Executing VM operation: G1CollectForAllocation (G1 Evacuation Pause)
Event: 9.979 Executing VM operation: G1CollectForAllocation (G1 Evacuation Pause) done
Event: 10.001 Executing VM operation: G1PauseRemark
Event: 10.017 Executing VM operation: G1PauseRemark done
Event: 10.020 Executing VM operation: G1CollectForAllocation (G1 Evacuation Pause)

Memory protections (0 events):
No events

Nmethod flushes (20 events):
Event: 10.016 Thread 0x00000170730f18f0 flushing  nmethod 0x000001706b49ab10
Event: 10.016 Thread 0x00000170730f18f0 flushing  nmethod 0x000001706b49af10
Event: 10.016 Thread 0x00000170730f18f0 flushing  nmethod 0x000001706b49b210
Event: 10.016 Thread 0x00000170730f18f0 flushing  nmethod 0x000001706b49b710
Event: 10.016 Thread 0x00000170730f18f0 flushing  nmethod 0x000001706b49de10
Event: 10.016 Thread 0x00000170730f18f0 flushing  nmethod 0x000001706b50b010
Event: 10.016 Thread 0x00000170730f18f0 flushing  nmethod 0x000001706b50ba90
Event: 10.016 Thread 0x00000170730f18f0 flushing  nmethod 0x000001706b50c310
Event: 10.016 Thread 0x00000170730f18f0 flushing  nmethod 0x000001706b50c810
Event: 10.016 Thread 0x00000170730f18f0 flushing  nmethod 0x000001706b50d710
Event: 10.016 Thread 0x00000170730f18f0 flushing  nmethod 0x000001706b5dfc10
Event: 10.016 Thread 0x00000170730f18f0 flushing  nmethod 0x000001706b5e0810
Event: 10.016 Thread 0x00000170730f18f0 flushing  nmethod 0x000001706b5e0e10
Event: 10.016 Thread 0x00000170730f18f0 flushing  nmethod 0x000001706b5e1310
Event: 10.016 Thread 0x00000170730f18f0 flushing  nmethod 0x000001706b5e3590
Event: 10.016 Thread 0x00000170730f18f0 flushing  nmethod 0x000001706b5e5890
Event: 10.016 Thread 0x00000170730f18f0 flushing  nmethod 0x000001706b5e6010
Event: 10.016 Thread 0x00000170730f18f0 flushing  nmethod 0x000001706b5e6810
Event: 10.016 Thread 0x00000170730f18f0 flushing  nmethod 0x000001706b672210
Event: 10.016 Thread 0x00000170730f18f0 flushing  nmethod 0x000001706b679490

Events (20 events):
Event: 5.552 Thread 0x00000170784da7d0 Thread added: 0x0000017079635da0
Event: 5.661 Thread 0x0000017079635da0 Thread added: 0x0000017079634360
Event: 5.885 Thread 0x0000017078533100 Thread added: 0x0000017079636430
Event: 5.889 Thread 0x0000017079636430 Thread exited: 0x0000017079636430
Event: 6.391 Thread 0x0000017078533100 Thread added: 0x0000017079636430
Event: 6.396 Thread 0x0000017079636430 Thread exited: 0x0000017079636430
Event: 6.898 Thread 0x0000017078533100 Thread added: 0x0000017079636430
Event: 6.903 Thread 0x0000017079636430 Thread exited: 0x0000017079636430
Event: 7.406 Thread 0x0000017078533100 Thread added: 0x0000017079636430
Event: 7.410 Thread 0x0000017079636430 Thread exited: 0x0000017079636430
Event: 7.912 Thread 0x0000017078533100 Thread added: 0x000001707a8d97d0
Event: 7.916 Thread 0x000001707a8d97d0 Thread exited: 0x000001707a8d97d0
Event: 8.418 Thread 0x0000017078533100 Thread added: 0x000001707a4fb3e0
Event: 8.424 Thread 0x000001707a4fb3e0 Thread exited: 0x000001707a4fb3e0
Event: 8.926 Thread 0x0000017078533100 Thread added: 0x000001707ae35430
Event: 8.931 Thread 0x000001707ae35430 Thread exited: 0x000001707ae35430
Event: 9.433 Thread 0x0000017078533100 Thread added: 0x000001707b0d15e0
Event: 9.437 Thread 0x000001707b0d15e0 Thread exited: 0x000001707b0d15e0
Event: 9.941 Thread 0x0000017078533100 Thread added: 0x000001707b0e9470
Event: 9.944 Thread 0x000001707b0e9470 Thread exited: 0x000001707b0e9470


Dynamic libraries:
0x00007ff7e5800000 - 0x00007ff7e580e000 	C:\Users\USER\.jdks\corretto-21.0.4\bin\java.exe
0x00007ffab5ed0000 - 0x00007ffab60e7000 	C:\WINDOWS\SYSTEM32\ntdll.dll
0x00007ffab4f60000 - 0x00007ffab5024000 	C:\WINDOWS\System32\KERNEL32.DLL
0x00007ffab3570000 - 0x00007ffab3942000 	C:\WINDOWS\System32\KERNELBASE.dll
0x00007ffab3160000 - 0x00007ffab3271000 	C:\WINDOWS\System32\ucrtbase.dll
0x00007ffa9af70000 - 0x00007ffa9af88000 	C:\Users\USER\.jdks\corretto-21.0.4\bin\jli.dll
0x00007ffaad420000 - 0x00007ffaad43b000 	C:\Users\USER\.jdks\corretto-21.0.4\bin\VCRUNTIME140.dll
0x00007ffab5650000 - 0x00007ffab5801000 	C:\WINDOWS\System32\USER32.dll
0x00007ffa99ea0000 - 0x00007ffa9a13b000 	C:\WINDOWS\WinSxS\amd64_microsoft.windows.common-controls_6595b64144ccf1df_6.0.22621.5415_none_270d77d17387d7da\COMCTL32.dll
0x00007ffab3100000 - 0x00007ffab3126000 	C:\WINDOWS\System32\win32u.dll
0x00007ffab52c0000 - 0x00007ffab5367000 	C:\WINDOWS\System32\msvcrt.dll
0x00007ffab5540000 - 0x00007ffab5569000 	C:\WINDOWS\System32\GDI32.dll
0x00007ffab33c0000 - 0x00007ffab34e3000 	C:\WINDOWS\System32\gdi32full.dll
0x00007ffab3950000 - 0x00007ffab39ea000 	C:\WINDOWS\System32\msvcp_win.dll
0x00007ffab4b60000 - 0x00007ffab4b91000 	C:\WINDOWS\System32\IMM32.DLL
0x00007ffaad920000 - 0x00007ffaad92c000 	C:\Users\USER\.jdks\corretto-21.0.4\bin\vcruntime140_1.dll
0x00007ffa83400000 - 0x00007ffa8348d000 	C:\Users\USER\.jdks\corretto-21.0.4\bin\msvcp140.dll
0x00007ff9d4c20000 - 0x00007ff9d59b6000 	C:\Users\USER\.jdks\corretto-21.0.4\bin\server\jvm.dll
0x00007ffab5570000 - 0x00007ffab5621000 	C:\WINDOWS\System32\ADVAPI32.dll
0x00007ffab4eb0000 - 0x00007ffab4f58000 	C:\WINDOWS\System32\sechost.dll
0x00007ffab3130000 - 0x00007ffab3158000 	C:\WINDOWS\System32\bcrypt.dll
0x00007ffab4030000 - 0x00007ffab4144000 	C:\WINDOWS\System32\RPCRT4.dll
0x00007ffab4d10000 - 0x00007ffab4d81000 	C:\WINDOWS\System32\WS2_32.dll
0x00007ffab2880000 - 0x00007ffab28cd000 	C:\WINDOWS\SYSTEM32\POWRPROF.dll
0x00007ffaa8310000 - 0x00007ffaa831a000 	C:\WINDOWS\SYSTEM32\VERSION.dll
0x00007ffaad740000 - 0x00007ffaad774000 	C:\WINDOWS\SYSTEM32\WINMM.dll
0x00007ffab2860000 - 0x00007ffab2873000 	C:\WINDOWS\SYSTEM32\UMPDC.dll
0x00007ffab1ff0000 - 0x00007ffab2008000 	C:\WINDOWS\SYSTEM32\kernel.appcore.dll
0x00007ffaad410000 - 0x00007ffaad41a000 	C:\Users\USER\.jdks\corretto-21.0.4\bin\jimage.dll
0x00007ffab0940000 - 0x00007ffab0b73000 	C:\WINDOWS\SYSTEM32\DBGHELP.DLL
0x00007ffab3c10000 - 0x00007ffab3fa3000 	C:\WINDOWS\System32\combase.dll
0x00007ffab4bb0000 - 0x00007ffab4c87000 	C:\WINDOWS\System32\OLEAUT32.dll
0x00007ffa98360000 - 0x00007ffa98392000 	C:\WINDOWS\SYSTEM32\dbgcore.DLL
0x00007ffab3340000 - 0x00007ffab33bb000 	C:\WINDOWS\System32\bcryptPrimitives.dll
0x00007ffaaa8b0000 - 0x00007ffaaa8be000 	C:\Users\USER\.jdks\corretto-21.0.4\bin\instrument.dll
0x00007ffa909c0000 - 0x00007ffa909df000 	C:\Users\USER\.jdks\corretto-21.0.4\bin\java.dll
0x00007ffab4150000 - 0x00007ffab49f2000 	C:\WINDOWS\System32\SHELL32.dll
0x00007ffab2fc0000 - 0x00007ffab30ff000 	C:\WINDOWS\System32\wintypes.dll
0x00007ffab0ef0000 - 0x00007ffab180e000 	C:\WINDOWS\SYSTEM32\windows.storage.dll
0x00007ffab4da0000 - 0x00007ffab4eab000 	C:\WINDOWS\System32\SHCORE.dll
0x00007ffab51d0000 - 0x00007ffab5239000 	C:\WINDOWS\System32\shlwapi.dll
0x00007ffab2ef0000 - 0x00007ffab2f1b000 	C:\WINDOWS\SYSTEM32\profapi.dll
0x00007ffa90980000 - 0x00007ffa90998000 	C:\Users\USER\.jdks\corretto-21.0.4\bin\zip.dll
0x00007ffa9af60000 - 0x00007ffa9af70000 	C:\Users\USER\.jdks\corretto-21.0.4\bin\net.dll
0x00007ffaaea20000 - 0x00007ffaaeb4c000 	C:\WINDOWS\SYSTEM32\WINHTTP.dll
0x00007ffab24e0000 - 0x00007ffab2549000 	C:\WINDOWS\system32\mswsock.dll
0x00007ffa909a0000 - 0x00007ffa909b6000 	C:\Users\USER\.jdks\corretto-21.0.4\bin\nio.dll
0x00007ffa8feb0000 - 0x00007ffa8feca000 	C:\Program Files\JetBrains\IntelliJ IDEA 2024.2.1\bin\breakgen64.dll
0x00007ffa8fea0000 - 0x00007ffa8fea9000 	C:\Users\USER\.jdks\corretto-21.0.4\bin\extnet.dll
0x00007ffab1ae0000 - 0x00007ffab1bd8000 	C:\WINDOWS\SYSTEM32\DNSAPI.dll
0x00007ffab1a70000 - 0x00007ffab1a9d000 	C:\WINDOWS\SYSTEM32\IPHLPAPI.DLL
0x00007ffab5810000 - 0x00007ffab5819000 	C:\WINDOWS\System32\NSI.dll
0x00007ffaaddd0000 - 0x00007ffaaddda000 	C:\Windows\System32\rasadhlp.dll
0x00007ffaad480000 - 0x00007ffaad504000 	C:\WINDOWS\System32\fwpuclnt.dll
0x00007ffa9a250000 - 0x00007ffa9a259000 	C:\Users\USER\.jdks\corretto-21.0.4\bin\management.dll
0x00007ffa90970000 - 0x00007ffa9097b000 	C:\Users\USER\.jdks\corretto-21.0.4\bin\management_ext.dll
0x00007ffab4ba0000 - 0x00007ffab4ba8000 	C:\WINDOWS\System32\PSAPI.DLL
0x00007ffab2730000 - 0x00007ffab274b000 	C:\WINDOWS\SYSTEM32\CRYPTSP.dll
0x00007ffab1f50000 - 0x00007ffab1f87000 	C:\WINDOWS\system32\rsaenh.dll
0x00007ffab25d0000 - 0x00007ffab25f8000 	C:\WINDOWS\SYSTEM32\USERENV.dll
0x00007ffab2750000 - 0x00007ffab275c000 	C:\WINDOWS\SYSTEM32\CRYPTBASE.dll
0x00007ffa96b30000 - 0x00007ffa96b47000 	C:\WINDOWS\system32\napinsp.dll
0x00007ffa96b10000 - 0x00007ffa96b2b000 	C:\WINDOWS\system32\pnrpnsp.dll
0x00007ffa96690000 - 0x00007ffa966a1000 	C:\WINDOWS\System32\winrnr.dll
0x00007ffaad700000 - 0x00007ffaad71f000 	C:\WINDOWS\system32\wshbth.dll
0x00007ffa96660000 - 0x00007ffa96681000 	C:\WINDOWS\system32\nlansp_c.dll
0x00007ffa8fe90000 - 0x00007ffa8fe9e000 	C:\Users\USER\.jdks\corretto-21.0.4\bin\sunmscapi.dll
0x00007ffab39f0000 - 0x00007ffab3b57000 	C:\WINDOWS\System32\CRYPT32.dll
0x00007ffab2970000 - 0x00007ffab299d000 	C:\WINDOWS\SYSTEM32\ncrypt.dll
0x00007ffab2930000 - 0x00007ffab2967000 	C:\WINDOWS\SYSTEM32\NTASN1.dll
0x00007ffa8fa20000 - 0x00007ffa8fa30000 	C:\Users\USER\.jdks\corretto-21.0.4\bin\verify.dll

dbghelp: loaded successfully - version: 4.0.5 - missing functions: none
symbol engine: initialized successfully - sym options: 0x614 - pdb path: .;C:\Users\USER\.jdks\corretto-21.0.4\bin;C:\WINDOWS\SYSTEM32;C:\WINDOWS\WinSxS\amd64_microsoft.windows.common-controls_6595b64144ccf1df_6.0.22621.5415_none_270d77d17387d7da;C:\Users\USER\.jdks\corretto-21.0.4\bin\server;C:\Program Files\JetBrains\IntelliJ IDEA 2024.2.1\bin

VM Arguments:
jvm_args: -XX:TieredStopAtLevel=1 -Dspring.output.ansi.enabled=always -Dcom.sun.management.jmxremote -Dspring.jmx.enabled=true -Dspring.liveBeansView.mbeanDomain -Dspring.application.admin.enabled=true -Dmanagement.endpoints.jmx.exposure.include=* -javaagent:C:\Program Files\JetBrains\IntelliJ IDEA 2024.2.1\lib\idea_rt.jar=50498:C:\Program Files\JetBrains\IntelliJ IDEA 2024.2.1\bin -Dfile.encoding=UTF-8 -Dsun.stdout.encoding=UTF-8 -Dsun.stderr.encoding=UTF-8 
java_command: group03.bloomresin.BloomresinApplication
java_class_path (initial): D:\BloomResin_Vietnamese\BloomResin_Vietnamese\BloomResin_Vietnamese\target\classes;C:\Users\USER\.m2\repository\org\springframework\boot\spring-boot-starter-web\3.2.10\spring-boot-starter-web-3.2.10.jar;C:\Users\USER\.m2\repository\org\springframework\boot\spring-boot-starter\3.2.10\spring-boot-starter-3.2.10.jar;C:\Users\USER\.m2\repository\org\springframework\boot\spring-boot-starter-logging\3.2.10\spring-boot-starter-logging-3.2.10.jar;C:\Users\USER\.m2\repository\ch\qos\logback\logback-classic\1.4.14\logback-classic-1.4.14.jar;C:\Users\USER\.m2\repository\ch\qos\logback\logback-core\1.4.14\logback-core-1.4.14.jar;C:\Users\USER\.m2\repository\org\apache\logging\log4j\log4j-to-slf4j\2.21.1\log4j-to-slf4j-2.21.1.jar;C:\Users\USER\.m2\repository\org\slf4j\jul-to-slf4j\2.0.16\jul-to-slf4j-2.0.16.jar;C:\Users\USER\.m2\repository\org\yaml\snakeyaml\2.2\snakeyaml-2.2.jar;C:\Users\USER\.m2\repository\org\springframework\boot\spring-boot-starter-json\3.2.10\spring-boot-starter-json-3.2.10.jar;C:\Users\USER\.m2\repository\com\fasterxml\jackson\core\jackson-databind\2.15.4\jackson-databind-2.15.4.jar;C:\Users\USER\.m2\repository\com\fasterxml\jackson\core\jackson-annotations\2.15.4\jackson-annotations-2.15.4.jar;C:\Users\USER\.m2\repository\com\fasterxml\jackson\core\jackson-core\2.15.4\jackson-core-2.15.4.jar;C:\Users\USER\.m2\repository\com\fasterxml\jackson\datatype\jackson-datatype-jdk8\2.15.4\jackson-datatype-jdk8-2.15.4.jar;C:\Users\USER\.m2\repository\com\fasterxml\jackson\datatype\jackson-datatype-jsr310\2.15.4\jackson-datatype-jsr310-2.15.4.jar;C:\Users\USER\.m2\repository\com\fasterxml\jackson\module\jackson-module-parameter-names\2.15.4\jackson-module-parameter-names-2.15.4.jar;C:\Users\USER\.m2\repository\org\springframework\boot\spring-boot-starter-tomcat\3.2.10\spring-boot-starter-tomcat-3.2.10.jar;C:\Users\USER\.m2\repository\org\apache\tomcat\embed\tomcat-embed-websocket\10.1.30\tomcat-embed-websocket-10.1.30.jar;C:\Users\USER\.m2\repository\org\springframework\spring-web\6.1.13\spring-web-6.1.13.jar;C:\Users\USER\.m2\repository\org\springframework\spring-beans\6.1.13\spring-beans-6.1.13.jar;C:\Users\USER\.m2\repository\org\springframework\spring-webmvc\6.1.13\spring-webmvc-6.1.13.jar;C:\Users\USER\.m2\repository\org\springframework\spring-expression\6.1.13\spring-expression-6.1.13.jar;C:\Users\USER\.m2\repository\org\apache\tomcat\embed\tomcat-embed-jasper\10.1.30\tomcat-embed-jasper-10.1.30.jar;C:\Users\USER\.m2\repository\org\apache\tomcat\embed\tomcat-embed-core\10.1.30\tomcat-embed-core-10.1.30.jar;C:\Users\USER\.m2\repository\org\apache\tomcat\tomcat-annotations-api\10.1.30\tomcat-annotations-api-10.1.30.jar;C:\Users\USER\.m2\repository\org\apache\tomcat\embed\tomcat-embed-el\10.1.30\tomcat-embed-el-10.1.30.jar;C:\Users\USER\.m2\repository\org\eclipse\jdt\ecj\3.33.0\ecj-3.33.0.jar;C:\Users\USER\.m2\repository\jakarta\servlet\jsp\jstl\jakarta.servlet.jsp.jstl-api\3.0.2\jakarta.servlet.jsp.jstl-api-3.0.2.jar;C:\Users\USER\.m2\repository\jakarta\servlet\jakarta.servlet-api\6.0.0\jakarta.servlet-api-6.0.0.jar;C:\Users\USER\.m2\repository\jakarta\el\jakarta.el-api\5.0.0\jakarta.el-api-5.0.0.jar;C:\Users\USER\.m2\repository\org\glassfish\web\jakarta.servlet.jsp.jstl\3.0.1\jakarta.servlet.jsp.jstl-3.0.1.jar;C:\Users\USER\.m2\repository\org\springframework\boot\spring-boot-starter-security\3.2.10\spring-boot-starter-security-3.2.10.jar;C:\Users\USER\.m2\repository\org\springframework\spring-aop\6.1.13\spring-aop-6.1.13.jar;C:\Users\USER\.m2\repository\org\springframework\security\spring-security-config\6.2.6\spring-security-config-6.2.6.jar;C:\Users\USER\.m2\repository\org\springframework\security\spring-security-web\6.2.6\spring-security-web-6.2.6.jar;C:\Users\USER\.m2\repository\com\sun\mail\jakarta.mail\2.0.1\jakarta.mail-2.0.1.jar;C:\Users\USER\.m2\repository\com\sun\activation\jakarta.activation\2.0.1\jakarta.activation-2.0.1.jar;C:\Users\USER\.m2\repository\org\springframework\boot\spring-boot-starter-data-jpa\3.2.10\spring-boot-starter-data-jpa-3.2.10.jar;C:\Users\USER\.m2\repository\org\springframework\boot\spring-boot-starter-aop\3.2.10\spring-boot-starter-aop-3.2.10.jar;C:\Users\USER\.m2\repository\org\aspectj\aspectjweaver\1.9.22.1\aspectjweaver-1.9.22.1.jar;C:\Users\USER\.m2\repository\org\springframework\boot\spring-boot-starter-jdbc\3.2.10\spring-boot-starter-jdbc-3.2.10.jar;C:\Users\USER\.m2\repository\com\zaxxer\HikariCP\5.0.1\HikariCP-5.0.1.jar;C:\Users\USER\.m2\repository\org\hibernate\orm\hibernate-core\6.4.10.Final\hibernate-core-6.4.10.Final.jar;C:\Users\USER\.m2\repository\jakarta\persistence\jakarta.persistence-api\3.1.0\jakarta.persistence-api-3.1.0.jar;C:\Users\USER\.m2\repository\jakarta\transaction\jakarta.transaction-api\2.0.1\jakarta.transaction-api-2.0.1.jar;C:\Users\USER\.m2\repository\org\hibernate\common\hibernate-commons-annotations\6.0.6.Final\hibernate-commons-annotations-6.0.6.Final.jar;C:\Users\USER\.m2\repository\io\smallrye\jandex\3.1.2\jandex-3.1.2.jar;C:\Users\USER\.m2\repository\com\fasterxml\classmate\1.6.0\classmate-1.6.0.jar;C:\Users\USER\.m2\repository\jakarta\inject\jakarta.inject-api\2.0.1\jakarta.inject-api-2.0.1.jar;C:\Users\USER\.m2\repository\org\springframework\data\spring-data-jpa\3.2.10\spring-data-jpa-3.2.10.jar;C:\Users\USER\.m2\repository\org\springframework\data\spring-data-commons\3.2.10\spring-data-commons-3.2.10.jar;C:\Users\USER\.m2\repository\org\springframework\spring-orm\6.1.13\spring-orm-6.1.13.jar;C:\Users\USER\.m2\repository\org\springframework\spring-tx\6.1.13\spring-tx-6.1.13.jar;C:\Users\USER\.m2\repository\org\slf4j\slf4j-api\2.0.16\slf4j-api-2.0.16.jar;C:\Users\USER\.m2\repository\org\springframework\spring-aspects\6.1.13\spring-aspects-6.1.13.jar;C:\Users\USER\.m2\repository\org\springframework\boot\spring-boot-starter-validation\3.2.10\spring-boot-starter-validation-3.2.10.jar;C:\Users\USER\.m2\repository\org\hibernate\validator\hibernate-validator\8.0.1.Final\hibernate-validator-8.0.1.Final.jar;C:\Users\USER\.m2\repository\org\projectlombok\lombok\1.18.30\lombok-1.18.30.jar;C:\Users\USER\.m2\repository\org\springframework\session\spring-session-jdbc\3.2.5\spring-session-jdbc-3.2.5.jar;C:\Users\USER\.m2\repository\org\springframework\session\spring-session-core\3.2.5\spring-session-core-3.2.5.jar;C:\Users\USER\.m2\repository\org\springframework\spring-jcl\6.1.13\spring-jcl-6.1.13.jar;C:\Users\USER\.m2\repository\org\springframework\spring-context\6.1.13\spring-context-6.1.13.jar;C:\Users\USER\.m2\repository\org\springframework\spring-jdbc\6.1.13\spring-jdbc-6.1.13.jar;C:\Users\USER\.m2\repository\org\springframework\boot\spring-boot-starter-oauth2-client\3.2.10\spring-boot-starter-oauth2-client-3.2.10.jar;C:\Users\USER\.m2\repository\org\springframework\security\spring-security-core\6.2.6\spring-security-core-6.2.6.jar;C:\Users\USER\.m2\repository\org\springframework\security\spring-security-crypto\6.2.6\spring-security-crypto-6.2.6.jar;C:\Users\USER\.m2\repository\org\springframework\security\spring-security-oauth2-client\6.2.6\spring-security-oauth2-client-6.2.6.jar;C:\Users\USER\.m2\repository\org\springframework\security\spring-security-oauth2-core\6.2.6\spring-security-oauth2-core-6.2.6.jar;C:\Users\USER\.m2\repository\com\nimbusds\oauth2-oidc-sdk\9.43.4\oauth2-oidc-sdk-9.43.4.jar;C:\Users\USER\.m2\repository\com\github\stephenc\jcip\jcip-annotations\1.0-1\jcip-annotations-1.0-1.jar;C:\Users\USER\.m2\repository\com\nimbusds\content-type\2.2\content-type-2.2.jar;C:\Users\USER\.m2\repository\com\nimbusds\lang-tag\1.7\lang-tag-1.7.jar;C:\Users\USER\.m2\repository\org\springframework\security\spring-security-oauth2-jose\6.2.6\spring-security-oauth2-jose-6.2.6.jar;C:\Users\USER\.m2\repository\com\nimbusds\nimbus-jose-jwt\9.37.3\nimbus-jose-jwt-9.37.3.jar;C:\Users\USER\.m2\repository\org\postgresql\postgresql\42.6.2\postgresql-42.6.2.jar;C:\Users\USER\.m2\repository\org\checkerframework\checker-qual\3.31.0\checker-qual-3.31.0.jar;C:\Users\USER\.m2\repository\com\mysql\mysql-connector-j\8.3.0\mysql-connector-j-8.3.0.jar;C:\Users\USER\.m2\repository\org\apache\poi\poi-ooxml\5.2.5\poi-ooxml-5.2.5.jar;C:\Users\USER\.m2\repository\org\apache\poi\poi\5.2.5\poi-5.2.5.jar;C:\Users\USER\.m2\repository\commons-codec\commons-codec\1.16.1\commons-codec-1.16.1.jar;C:\Users\USER\.m2\repository\org\apache\commons\commons-math3\3.6.1\commons-math3-3.6.1.jar;C:\Users\USER\.m2\repository\com\zaxxer\SparseBitSet\1.3\SparseBitSet-1.3.jar;C:\Users\USER\.m2\repository\org\apache\poi\poi-ooxml-lite\5.2.5\poi-ooxml-lite-5.2.5.jar;C:\Users\USER\.m2\repository\org\apache\xmlbeans\xmlbeans\5.2.0\xmlbeans-5.2.0.jar;C:\Users\USER\.m2\repository\org\apache\commons\commons-compress\1.25.0\commons-compress-1.25.0.jar;C:\Users\USER\.m2\repository\commons-io\commons-io\2.15.0\commons-io-2.15.0.jar;C:\Users\USER\.m2\repository\com\github\virtuald\curvesapi\1.08\curvesapi-1.08.jar;C:\Users\USER\.m2\repository\org\apache\logging\log4j\log4j-api\2.21.1\log4j-api-2.21.1.jar;C:\Users\USER\.m2\repository\org\apache\commons\commons-collections4\4.4\commons-collections4-4.4.jar;C:\Users\USER\.m2\repository\org\hibernate\orm\hibernate-jpamodelgen\6.4.1.Final\hibernate-jpamodelgen-6.4.1.Final.jar;C:\Users\USER\.m2\repository\jakarta\validation\jakarta.validation-api\3.0.2\jakarta.validation-api-3.0.2.jar;C:\Users\USER\.m2\repository\jakarta\annotation\jakarta.annotation-api\2.1.1\jakarta.annotation-api-2.1.1.jar;C:\Users\USER\.m2\repository\org\antlr\antlr4-runtime\4.13.0\antlr4-runtime-4.13.0.jar;C:\Users\USER\.m2\repository\net\bytebuddy\byte-buddy\1.14.19\byte-buddy-1.14.19.jar;C:\Users\USER\.m2\repository\org\jboss\logging\jboss-logging\3.5.3.Final\jboss-logging-3.5.3.Final.jar;C:\Users\USER\.m2\repository\jakarta\xml\bind\jakarta.xml.bind-api\4.0.0\jakarta.xml.bind-api-4.0.0.jar;C:\Users\USER\.m2\repository\jakarta\activation\jakarta.activation-api\2.1.3\jakarta.activation-api-2.1.3.jar;C:\Users\USER\.m2\repository\org\glassfish\jaxb\jaxb-runtime\4.0.3\jaxb-runtime-4.0.3.jar;C:\Users\USER\.m2\repository\org\glassfish\jaxb\jaxb-core\4.0.5\jaxb-core-4.0.5.jar;C:\Users\USER\.m2\repository\org\eclipse\angus\angus-activation\2.0.2\angus-activation-2.0.2.jar;C:\Users\USER\.m2\repository\org\glassfish\jaxb\txw2\4.0.5\txw2-4.0.5.jar;C:\Users\USER\.m2\repository\com\sun\istack\istack-commons-runtime\4.1.2\istack-commons-runtime-4.1.2.jar;C:\Users\USER\.m2\repository\org\springframework\boot\spring-boot-starter-actuator\3.2.10\spring-boot-starter-actuator-3.2.10.jar;C:\Users\USER\.m2\repository\org\springframework\boot\spring-boot-actuator-autoconfigure\3.2.10\spring-boot-actuator-autoconfigure-3.2.10.jar;C:\Users\USER\.m2\repository\org\springframework\boot\spring-boot-actuator\3.2.10\spring-boot-actuator-3.2.10.jar;C:\Users\USER\.m2\repository\io\micrometer\micrometer-observation\1.12.10\micrometer-observation-1.12.10.jar;C:\Users\USER\.m2\repository\io\micrometer\micrometer-commons\1.12.10\micrometer-commons-1.12.10.jar;C:\Users\USER\.m2\repository\io\micrometer\micrometer-jakarta9\1.12.10\micrometer-jakarta9-1.12.10.jar;C:\Users\USER\.m2\repository\io\micrometer\micrometer-core\1.12.10\micrometer-core-1.12.10.jar;C:\Users\USER\.m2\repository\org\hdrhistogram\HdrHistogram\2.1.12\HdrHistogram-2.1.12.jar;C:\Users\USER\.m2\repository\org\latencyutils\LatencyUtils\2.0.3\LatencyUtils-2.0.3.jar;C:\Users\USER\.m2\repository\org\springframework\boot\spring-boot-devtools\3.2.10\spring-boot-devtools-3.2.10.jar;C:\Users\USER\.m2\repository\org\springframework\boot\spring-boot\3.2.10\spring-boot-3.2.10.jar;C:\Users\USER\.m2\repository\org\springframework\boot\spring-boot-autoconfigure\3.2.10\spring-boot-autoconfigure-3.2.10.jar;C:\Users\USER\.m2\repository\net\minidev\json-smart\2.5.1\json-smart-2.5.1.jar;C:\Users\USER\.m2\repository\net\minidev\accessors-smart\2.5.1\accessors-smart-2.5.1.jar;C:\Users\USER\.m2\repository\org\ow2\asm\asm\9.6\asm-9.6.jar;C:\Users\USER\.m2\repository\org\springframework\spring-core\6.1.13\spring-core-6.1.13.jar
Launcher Type: SUN_STANDARD

[Global flags]
     intx CICompilerCount                          = 4                                         {product} {ergonomic}
     uint ConcGCThreads                            = 3                                         {product} {ergonomic}
     uint G1ConcRefinementThreads                  = 10                                        {product} {ergonomic}
   size_t G1HeapRegionSize                         = 1048576                                   {product} {ergonomic}
    uintx GCDrainStackTargetSize                   = 64                                        {product} {ergonomic}
   size_t InitialHeapSize                          = 123731968                                 {product} {ergonomic}
     bool ManagementServer                         = true                                      {product} {command line}
   size_t MarkStackSize                            = 4194304                                   {product} {ergonomic}
   size_t MaxHeapSize                              = 1967128576                                {product} {ergonomic}
   size_t MaxNewSize                               = 1179648000                                {product} {ergonomic}
   size_t MinHeapDeltaBytes                        = 1048576                                   {product} {ergonomic}
   size_t MinHeapSize                              = 8388608                                   {product} {ergonomic}
    uintx NonNMethodCodeHeapSize                   = 4096                                   {pd product} {ergonomic}
    uintx NonProfiledCodeHeapSize                  = 0                                      {pd product} {ergonomic}
     bool ProfileInterpreter                       = false                                  {pd product} {command line}
    uintx ProfiledCodeHeapSize                     = 0                                      {pd product} {ergonomic}
   size_t SoftMaxHeapSize                          = 1967128576                             {manageable} {ergonomic}
     intx TieredStopAtLevel                        = 1                                         {product} {command line}
     bool UseCompressedOops                        = true                           {product lp64_product} {ergonomic}
     bool UseG1GC                                  = true                                      {product} {ergonomic}
     bool UseLargePagesIndividualAllocation        = false                                  {pd product} {ergonomic}

Logging:
Log output configuration:
 #0: stdout all=warning uptime,level,tags foldmultilines=false
 #1: stderr all=off uptime,level,tags foldmultilines=false

Environment Variables:
JAVA_HOME=C:\Program Files\Java\jdk-21
PATH=C:\Program Files\Common Files\Oracle\Java\javapath;C:\WINDOWS\system32;C:\WINDOWS;C:\WINDOWS\System32\Wbem;C:\WINDOWS\System32\WindowsPowerShell\v1.0\;C:\WINDOWS\System32\OpenSSH\;C:\Program Files (x86)\Microsoft SQL Server\160\Tools\Binn\;C:\Program Files\Microsoft SQL Server\160\Tools\Binn\;C:\Program Files\Microsoft SQL Server\Client SDK\ODBC\170\Tools\Binn\;C:\Program Files\Microsoft SQL Server\160\DTS\Binn\;C:\Program Files (x86)\Microsoft SQL Server\160\DTS\Binn\;C:\ProgramData\chocolatey\bin;C:\Program Files\Apache\maven\bin;C:\Program Files\nodejs\;C:\Program Files\Java\jdk-21\bin;C:\Program Files\Git\cmd;C:\Program Files\OpenSSL-Win64\bin;C:\Users\USER\AppData\Local\Microsoft\WindowsApps;C:\Program Files\Azure Data Studio\bin;C:\Users\USER\AppData\Local\Programs\Microsoft VS Code\bin;C:\Program Files\JetBrains\IntelliJ IDEA 2024.2.1\bin;;C:\Users\USER\AppData\Local\Microsoft\WinGet\Packages\Schniz.fnm_Microsoft.Winget.Source_8wekyb3d8bbwe;C:\Users\USER\AppData\Roaming\npm;C:\Program Files\OpenSSL-Win64\bin;
USERNAME=USER
OS=Windows_NT
PROCESSOR_IDENTIFIER=AMD64 Family 23 Model 104 Stepping 1, AuthenticAMD
TMP=C:\Users\USER\AppData\Local\Temp
TEMP=C:\Users\USER\AppData\Local\Temp




Periodic native trim disabled

---------------  S Y S T E M  ---------------

OS:
 Windows 11 , 64 bit Build 22621 (10.0.22621.5415)
OS uptime: 1 days 3:28 hours

CPU: total 12 (initial active 12) (12 cores per cpu, 2 threads per core) family 23 model 104 stepping 1 microcode 0x0, cx8, cmov, fxsr, ht, mmx, 3dnowpref, sse, sse2, sse3, ssse3, sse4a, sse4.1, sse4.2, popcnt, lzcnt, tsc, tscinvbit, avx, avx2, aes, clmul, bmi1, bmi2, adx, sha, fma, vzeroupper, clflush, clflushopt, rdtscp, rdpid, f16c
Processor Information for all 12 processors :
  Max Mhz: 2100, Current Mhz: 2100, Mhz Limit: 2100

Memory: 4k page, system-wide physical 7501M (1185M free)
TotalPageFile size 23341M (AvailPageFile size 45M)
current process WorkingSet (physical memory assigned to process): 248M, peak: 248M
current process commit charge ("private bytes"): 340M, peak: 415M

vm_info: OpenJDK 64-Bit Server VM (21.0.4+7-LTS) for windows-amd64 JRE (21.0.4+7-LTS), built on 2024-07-10T17:34:29Z by "Administrator" with MS VC++ 16.10 / 16.11 (VS2019)

END.
