#
# There is insufficient memory for the Java Runtime Environment to continue.
# Native memory allocation (mmap) failed to map 97517568 bytes. Error detail: G1 virtual space
# Possible reasons:
#   The system is out of physical RAM or swap space
#   This process is running with CompressedOops enabled, and the Java Heap may be blocking the growth of the native heap
# Possible solutions:
#   Reduce memory load on the system
#   Increase physical memory or swap space
#   Check if swap backing store is full
#   Decrease Java heap size (-Xmx/-Xms)
#   Decrease number of Java threads
#   Decrease Java thread stack sizes (-Xss)
#   Set larger code cache with -XX:ReservedCodeCacheSize=
#   JVM is running with Unscaled Compressed Oops mode in which the Java heap is
#     placed in the first 4GB address space. The Java Heap base address is the
#     maximum limit for the native heap growth. Please use -XX:HeapBaseMinAddress
#     to set the Java Heap base and to place the Java Heap above 4GB virtual address.
# This output file may be truncated or incomplete.
#
#  Out of Memory Error (os_windows.cpp:3616), pid=12924, tid=21332
#
# JRE version: OpenJDK Runtime Environment Corretto-21.0.4.7.1 (21.0.4+7) (build 21.0.4+7-LTS)
# Java VM: OpenJDK 64-Bit Server VM Corretto-21.0.4.7.1 (21.0.4+7-LTS, mixed mode, emulated-client, sharing, tiered, compressed oops, compressed class ptrs, g1 gc, windows-amd64)
# No core dump will be written. Minidumps are not enabled by default on client versions of Windows
#

---------------  S U M M A R Y ------------

Command Line: -XX:TieredStopAtLevel=1 -Dspring.output.ansi.enabled=always -Dcom.sun.management.jmxremote -Dspring.jmx.enabled=true -Dspring.liveBeansView.mbeanDomain -Dspring.application.admin.enabled=true -Dmanagement.endpoints.jmx.exposure.include=* -javaagent:C:\Program Files\JetBrains\IntelliJ IDEA 2024.2.1\lib\idea_rt.jar=50457:C:\Program Files\JetBrains\IntelliJ IDEA 2024.2.1\bin -Dfile.encoding=UTF-8 -Dsun.stdout.encoding=UTF-8 -Dsun.stderr.encoding=UTF-8 group03.bloomresin.BloomresinApplication

Host: AMD Ryzen 5 5500U with Radeon Graphics         , 12 cores, 7G,  Windows 11 , 64 bit Build 22621 (10.0.22621.5415)
Time: Wed Jul  2 17:44:14 2025 SE Asia Standard Time elapsed time: 17.952238 seconds (0d 0h 0m 17s)

---------------  T H R E A D  ---------------

Current thread (0x000001ec68d1d770):  VMThread "VM Thread"          [id=21332, stack(0x000000e8df500000,0x000000e8df600000) (1024K)]

Stack: [0x000000e8df500000,0x000000e8df600000]
Native frames: (J=compiled Java code, j=interpreted, Vv=VM code, C=native code)
V  [jvm.dll+0x6d83d9]
V  [jvm.dll+0x8b39f3]
V  [jvm.dll+0x8b5d4e]
V  [jvm.dll+0x8b6433]
V  [jvm.dll+0x285816]
V  [jvm.dll+0x6d4b65]
V  [jvm.dll+0x6c929a]
V  [jvm.dll+0x35e2fb]
V  [jvm.dll+0x365ea6]
V  [jvm.dll+0x3b7e76]
V  [jvm.dll+0x3b8148]
V  [jvm.dll+0x331a3c]
V  [jvm.dll+0x331ac7]
V  [jvm.dll+0x3768ec]
V  [jvm.dll+0x37509e]
V  [jvm.dll+0x331191]
V  [jvm.dll+0x3747b0]
V  [jvm.dll+0x8bbfa8]
V  [jvm.dll+0x8bd324]
V  [jvm.dll+0x8bd860]
V  [jvm.dll+0x8bdaf3]
V  [jvm.dll+0x85c768]
V  [jvm.dll+0x6d6bdd]
C  [ucrtbase.dll+0x29333]
C  [KERNEL32.DLL+0x1259d]
C  [ntdll.dll+0x5af78]

VM_Operation (0x000000e8e10f9f90): G1CollectForAllocation, mode: safepoint, requested by thread 0x000001ec6e2a8db0


---------------  P R O C E S S  ---------------

Threads class SMR info:
_java_thread_list=0x000001ec6f556bc0, length=27, elements={
0x000001ec55f74e20, 0x000001ec68d3b3a0, 0x000001ec68d3c0c0, 0x000001ec68d3d780,
0x000001ec68d40870, 0x000001ec68d412d0, 0x000001ec68d46220, 0x000001ec68d47090,
0x000001ec6d0c7970, 0x000001ec6d10c9d0, 0x000001ec6d10d080, 0x000001ec6d2e6c30,
0x000001ec6d6ee6e0, 0x000001ec6d714a40, 0x000001ec6d96bcc0, 0x000001ec6d99a5d0,
0x000001ec6d9f6db0, 0x000001ec6da2ae20, 0x000001ec6e2a6ce0, 0x000001ec6e2a8db0,
0x000001ec6e2a7370, 0x000001ec6e2a8720, 0x000001ec6e2a9440, 0x000001ec6e2a9ad0,
0x000001ec6e2a6650, 0x000001ec6ff25cf0, 0x000001ec6ff242b0
}

Java Threads: ( => current thread )
  0x000001ec55f74e20 JavaThread "main"                              [_thread_blocked, id=27424, stack(0x000000e8dee00000,0x000000e8def00000) (1024K)]
  0x000001ec68d3b3a0 JavaThread "Reference Handler"          daemon [_thread_blocked, id=12252, stack(0x000000e8df600000,0x000000e8df700000) (1024K)]
  0x000001ec68d3c0c0 JavaThread "Finalizer"                  daemon [_thread_blocked, id=21848, stack(0x000000e8df700000,0x000000e8df800000) (1024K)]
  0x000001ec68d3d780 JavaThread "Signal Dispatcher"          daemon [_thread_blocked, id=23528, stack(0x000000e8df800000,0x000000e8df900000) (1024K)]
  0x000001ec68d40870 JavaThread "Attach Listener"            daemon [_thread_blocked, id=24460, stack(0x000000e8df900000,0x000000e8dfa00000) (1024K)]
  0x000001ec68d412d0 JavaThread "Service Thread"             daemon [_thread_blocked, id=23676, stack(0x000000e8dfa00000,0x000000e8dfb00000) (1024K)]
  0x000001ec68d46220 JavaThread "Monitor Deflation Thread"   daemon [_thread_blocked, id=1400, stack(0x000000e8dfb00000,0x000000e8dfc00000) (1024K)]
  0x000001ec68d47090 JavaThread "C1 CompilerThread0"         daemon [_thread_blocked, id=2868, stack(0x000000e8dfc00000,0x000000e8dfd00000) (1024K)]
  0x000001ec6d0c7970 JavaThread "Common-Cleaner"             daemon [_thread_blocked, id=18972, stack(0x000000e8dfd00000,0x000000e8dfe00000) (1024K)]
  0x000001ec6d10c9d0 JavaThread "C1 CompilerThread1"         daemon [_thread_blocked, id=23800, stack(0x000000e8dfe00000,0x000000e8dff00000) (1024K)]
  0x000001ec6d10d080 JavaThread "C1 CompilerThread2"         daemon [_thread_blocked, id=10692, stack(0x000000e8dff00000,0x000000e8e0000000) (1024K)]
  0x000001ec6d2e6c30 JavaThread "C1 CompilerThread3"         daemon [_thread_blocked, id=20708, stack(0x000000e8e0000000,0x000000e8e0100000) (1024K)]
  0x000001ec6d6ee6e0 JavaThread "Monitor Ctrl-Break"         daemon [_thread_in_native, id=8272, stack(0x000000e8e0100000,0x000000e8e0200000) (1024K)]
  0x000001ec6d714a40 JavaThread "Notification Thread"        daemon [_thread_blocked, id=26636, stack(0x000000e8e0200000,0x000000e8e0300000) (1024K)]
  0x000001ec6d96bcc0 JavaThread "RMI TCP Accept-0"           daemon [_thread_in_native, id=18292, stack(0x000000e8e0300000,0x000000e8e0400000) (1024K)]
  0x000001ec6d99a5d0 JavaThread "RMI TCP Connection(1)-172.16.1.119" daemon [_thread_in_native, id=17820, stack(0x000000e8e0400000,0x000000e8e0500000) (1024K)]
  0x000001ec6d9f6db0 JavaThread "RMI Scheduler(0)"           daemon [_thread_blocked, id=25536, stack(0x000000e8e0500000,0x000000e8e0600000) (1024K)]
  0x000001ec6da2ae20 JavaThread "JMX server connection timeout 26" daemon [_thread_blocked, id=21564, stack(0x000000e8e0600000,0x000000e8e0700000) (1024K)]
  0x000001ec6e2a6ce0 JavaThread "Thread-0"                          [_thread_blocked, id=27332, stack(0x000000e8e0f00000,0x000000e8e1000000) (1024K)]
  0x000001ec6e2a8db0 JavaThread "restartedMain"                     [_thread_blocked, id=22372, stack(0x000000e8e1000000,0x000000e8e1100000) (1024K)]
  0x000001ec6e2a7370 JavaThread "RMI TCP Connection(2)-172.16.1.119" daemon [_thread_in_native, id=8324, stack(0x000000e8e1100000,0x000000e8e1200000) (1024K)]
  0x000001ec6e2a8720 JavaThread "Catalina-utility-1"                [_thread_blocked, id=3304, stack(0x000000e8e1300000,0x000000e8e1400000) (1024K)]
  0x000001ec6e2a9440 JavaThread "Catalina-utility-2"                [_thread_blocked, id=20804, stack(0x000000e8e1600000,0x000000e8e1700000) (1024K)]
  0x000001ec6e2a9ad0 JavaThread "container-0"                       [_thread_blocked, id=25604, stack(0x000000e8e1700000,0x000000e8e1800000) (1024K)]
  0x000001ec6e2a6650 JavaThread "mysql-cj-abandoned-connection-cleanup" daemon [_thread_blocked, id=1284, stack(0x000000e8e1800000,0x000000e8e1900000) (1024K)]
  0x000001ec6ff25cf0 JavaThread "PostgreSQL-JDBC-Cleaner"    daemon [_thread_blocked, id=17832, stack(0x000000e8e1a00000,0x000000e8e1b00000) (1024K)]
  0x000001ec6ff242b0 JavaThread "HikariPool-1 housekeeper"   daemon [_thread_blocked, id=22020, stack(0x000000e8e1b00000,0x000000e8e1c00000) (1024K)]
Total: 27

Other Threads:
=>0x000001ec68d1d770 VMThread "VM Thread"                           [id=21332, stack(0x000000e8df500000,0x000000e8df600000) (1024K)]
  0x000001ec68d08330 WatcherThread "VM Periodic Task Thread"        [id=23792, stack(0x000000e8df400000,0x000000e8df500000) (1024K)]
  0x000001ec58251b60 WorkerThread "GC Thread#0"                     [id=25864, stack(0x000000e8def00000,0x000000e8df000000) (1024K)]
  0x000001ec6da3e9f0 WorkerThread "GC Thread#1"                     [id=27304, stack(0x000000e8e0700000,0x000000e8e0800000) (1024K)]
  0x000001ec6da5ff90 WorkerThread "GC Thread#2"                     [id=19896, stack(0x000000e8e0800000,0x000000e8e0900000) (1024K)]
  0x000001ec6da60330 WorkerThread "GC Thread#3"                     [id=12408, stack(0x000000e8e0900000,0x000000e8e0a00000) (1024K)]
  0x000001ec6da606d0 WorkerThread "GC Thread#4"                     [id=20596, stack(0x000000e8e0a00000,0x000000e8e0b00000) (1024K)]
  0x000001ec6da64a90 WorkerThread "GC Thread#5"                     [id=22056, stack(0x000000e8e0b00000,0x000000e8e0c00000) (1024K)]
  0x000001ec6da660a0 WorkerThread "GC Thread#6"                     [id=21468, stack(0x000000e8e0c00000,0x000000e8e0d00000) (1024K)]
  0x000001ec6da65960 WorkerThread "GC Thread#7"                     [id=20356, stack(0x000000e8e0d00000,0x000000e8e0e00000) (1024K)]
  0x000001ec6da655c0 WorkerThread "GC Thread#8"                     [id=13804, stack(0x000000e8e0e00000,0x000000e8e0f00000) (1024K)]
  0x000001ec6da65220 WorkerThread "GC Thread#9"                     [id=4984, stack(0x000000e8e1200000,0x000000e8e1300000) (1024K)]
  0x000001ec5827dbd0 ConcurrentGCThread "G1 Main Marker"            [id=25424, stack(0x000000e8df000000,0x000000e8df100000) (1024K)]
  0x000001ec5827f580 WorkerThread "G1 Conc#0"                       [id=26252, stack(0x000000e8df100000,0x000000e8df200000) (1024K)]
  0x000001ec6e894370 WorkerThread "G1 Conc#1"                       [id=16568, stack(0x000000e8e1400000,0x000000e8e1500000) (1024K)]
  0x000001ec6e897290 WorkerThread "G1 Conc#2"                       [id=2848, stack(0x000000e8e1500000,0x000000e8e1600000) (1024K)]
  0x000001ec68bd6430 ConcurrentGCThread "G1 Refine#0"               [id=12316, stack(0x000000e8df200000,0x000000e8df300000) (1024K)]
  0x000001ec68bd6ea0 ConcurrentGCThread "G1 Service"                [id=15384, stack(0x000000e8df300000,0x000000e8df400000) (1024K)]
Total: 18

Threads with active compile tasks:
Total: 0

VM state: at safepoint (normal execution)

VM Mutex/Monitor currently owned by a thread:  ([mutex/lock_event])
[0x00007ff9d58d62a8] Threads_lock - owner thread: 0x000001ec68d1d770
[0x00007ff9d58d63a8] Heap_lock - owner thread: 0x000001ec6e2a8db0

Heap address: 0x000000008ac00000, size: 1876 MB, Compressed Oops mode: 32-bit

CDS archive(s) mapped at: [0x000001ec00000000-0x000001ec00c90000-0x000001ec00c90000), size 13172736, SharedBaseAddress: 0x000001ec00000000, ArchiveRelocationMode: 1.
Compressed class space mapped at: 0x000001ec01000000-0x000001ec41000000, reserved size: 1073741824
Narrow klass base: 0x000001ec00000000, Narrow klass shift: 0, Narrow klass range: 0x100000000

GC Precious Log:
 CardTable entry size: 512
 Card Set container configuration: InlinePtr #cards 5 size 8 Array Of Cards #cards 12 size 40 Howl #buckets 4 coarsen threshold 1843 Howl Bitmap #cards 512 size 80 coarsen threshold 460 Card regions per heap region 1 cards per card region 2048
 CPUs: 12 total, 12 available
 Memory: 7501M
 Large Page Support: Disabled
 NUMA Support: Disabled
 Compressed Oops: Enabled (32-bit)
 Heap Region Size: 1M
 Heap Min Capacity: 8M
 Heap Initial Capacity: 118M
 Heap Max Capacity: 1876M
 Pre-touch: Disabled
 Parallel Workers: 10
 Concurrent Workers: 3
 Concurrent Refinement Workers: 10
 Periodic GC: Disabled

Heap:
 garbage-first heap   total 123904K, used 69695K [0x000000008ac00000, 0x0000000100000000)
  region size 1024K, 4 young (4096K), 4 survivors (4096K)
 Metaspace       used 73689K, committed 74432K, reserved 1114112K
  class space    used 10673K, committed 11008K, reserved 1048576K

Heap Regions: E=young(eden), S=young(survivor), O=old, HS=humongous(starts), HC=humongous(continues), CS=collection set, F=free, TAMS=top-at-mark-start, PB=parsable bottom
|   0|0x000000008ac00000, 0x000000008ad00000, 0x000000008ad00000|100%|HS|  |TAMS 0x000000008ac00000| PB 0x000000008ac00000| Complete 
|   1|0x000000008ad00000, 0x000000008ae00000, 0x000000008ae00000|100%| O|  |TAMS 0x000000008ad00000| PB 0x000000008ad00000| Untracked 
|   2|0x000000008ae00000, 0x000000008af00000, 0x000000008af00000|100%| O|  |TAMS 0x000000008ae00000| PB 0x000000008ae00000| Untracked 
|   3|0x000000008af00000, 0x000000008b000000, 0x000000008b000000|100%| O|  |TAMS 0x000000008af00000| PB 0x000000008af00000| Untracked 
|   4|0x000000008b000000, 0x000000008b100000, 0x000000008b100000|100%| O|  |TAMS 0x000000008b000000| PB 0x000000008b000000| Untracked 
|   5|0x000000008b100000, 0x000000008b200000, 0x000000008b200000|100%| O|  |TAMS 0x000000008b100000| PB 0x000000008b100000| Untracked 
|   6|0x000000008b200000, 0x000000008b300000, 0x000000008b300000|100%| O|  |TAMS 0x000000008b200000| PB 0x000000008b200000| Untracked 
|   7|0x000000008b300000, 0x000000008b400000, 0x000000008b400000|100%| O|  |TAMS 0x000000008b300000| PB 0x000000008b300000| Untracked 
|   8|0x000000008b400000, 0x000000008b500000, 0x000000008b500000|100%| O|  |TAMS 0x000000008b400000| PB 0x000000008b400000| Untracked 
|   9|0x000000008b500000, 0x000000008b600000, 0x000000008b600000|100%| O|  |TAMS 0x000000008b500000| PB 0x000000008b500000| Untracked 
|  10|0x000000008b600000, 0x000000008b700000, 0x000000008b700000|100%| O|  |TAMS 0x000000008b600000| PB 0x000000008b600000| Untracked 
|  11|0x000000008b700000, 0x000000008b800000, 0x000000008b800000|100%| O|  |TAMS 0x000000008b700000| PB 0x000000008b700000| Untracked 
|  12|0x000000008b800000, 0x000000008b900000, 0x000000008b900000|100%| O|  |TAMS 0x000000008b800000| PB 0x000000008b800000| Untracked 
|  13|0x000000008b900000, 0x000000008ba00000, 0x000000008ba00000|100%| O|  |TAMS 0x000000008b900000| PB 0x000000008b900000| Untracked 
|  14|0x000000008ba00000, 0x000000008bb00000, 0x000000008bb00000|100%| O|  |TAMS 0x000000008ba00000| PB 0x000000008ba00000| Untracked 
|  15|0x000000008bb00000, 0x000000008bc00000, 0x000000008bc00000|100%| O|  |TAMS 0x000000008bb00000| PB 0x000000008bb00000| Untracked 
|  16|0x000000008bc00000, 0x000000008bd00000, 0x000000008bd00000|100%| O|  |TAMS 0x000000008bc00000| PB 0x000000008bc00000| Untracked 
|  17|0x000000008bd00000, 0x000000008be00000, 0x000000008be00000|100%| O|  |TAMS 0x000000008bd00000| PB 0x000000008bd00000| Untracked 
|  18|0x000000008be00000, 0x000000008bf00000, 0x000000008bf00000|100%| O|  |TAMS 0x000000008be00000| PB 0x000000008be00000| Untracked 
|  19|0x000000008bf00000, 0x000000008c000000, 0x000000008c000000|100%| O|  |TAMS 0x000000008bf00000| PB 0x000000008bf00000| Untracked 
|  20|0x000000008c000000, 0x000000008c100000, 0x000000008c100000|100%| O|  |TAMS 0x000000008c000000| PB 0x000000008c000000| Untracked 
|  21|0x000000008c100000, 0x000000008c200000, 0x000000008c200000|100%| O|  |TAMS 0x000000008c100000| PB 0x000000008c100000| Untracked 
|  22|0x000000008c200000, 0x000000008c300000, 0x000000008c300000|100%| O|  |TAMS 0x000000008c200000| PB 0x000000008c200000| Untracked 
|  23|0x000000008c300000, 0x000000008c400000, 0x000000008c400000|100%| O|  |TAMS 0x000000008c300000| PB 0x000000008c300000| Untracked 
|  24|0x000000008c400000, 0x000000008c500000, 0x000000008c500000|100%| O|  |TAMS 0x000000008c400000| PB 0x000000008c400000| Untracked 
|  25|0x000000008c500000, 0x000000008c600000, 0x000000008c600000|100%| O|  |TAMS 0x000000008c500000| PB 0x000000008c500000| Untracked 
|  26|0x000000008c600000, 0x000000008c700000, 0x000000008c700000|100%| O|  |TAMS 0x000000008c600000| PB 0x000000008c600000| Untracked 
|  27|0x000000008c700000, 0x000000008c800000, 0x000000008c800000|100%| O|  |TAMS 0x000000008c700000| PB 0x000000008c700000| Untracked 
|  28|0x000000008c800000, 0x000000008c900000, 0x000000008c900000|100%| O|  |TAMS 0x000000008c800000| PB 0x000000008c800000| Untracked 
|  29|0x000000008c900000, 0x000000008ca00000, 0x000000008ca00000|100%| O|  |TAMS 0x000000008c900000| PB 0x000000008c900000| Untracked 
|  30|0x000000008ca00000, 0x000000008cb00000, 0x000000008cb00000|100%| O|  |TAMS 0x000000008ca00000| PB 0x000000008ca00000| Untracked 
|  31|0x000000008cb00000, 0x000000008cc00000, 0x000000008cc00000|100%| O|  |TAMS 0x000000008cb00000| PB 0x000000008cb00000| Untracked 
|  32|0x000000008cc00000, 0x000000008cd00000, 0x000000008cd00000|100%| O|  |TAMS 0x000000008cc00000| PB 0x000000008cc00000| Untracked 
|  33|0x000000008cd00000, 0x000000008ce00000, 0x000000008ce00000|100%| O|  |TAMS 0x000000008cd00000| PB 0x000000008cd00000| Untracked 
|  34|0x000000008ce00000, 0x000000008cf00000, 0x000000008cf00000|100%| O|  |TAMS 0x000000008ce00000| PB 0x000000008ce00000| Untracked 
|  35|0x000000008cf00000, 0x000000008d000000, 0x000000008d000000|100%| O|  |TAMS 0x000000008cf00000| PB 0x000000008cf00000| Untracked 
|  36|0x000000008d000000, 0x000000008d100000, 0x000000008d100000|100%| O|  |TAMS 0x000000008d000000| PB 0x000000008d000000| Untracked 
|  37|0x000000008d100000, 0x000000008d200000, 0x000000008d200000|100%| O|  |TAMS 0x000000008d100000| PB 0x000000008d100000| Untracked 
|  38|0x000000008d200000, 0x000000008d300000, 0x000000008d300000|100%| O|  |TAMS 0x000000008d200000| PB 0x000000008d200000| Untracked 
|  39|0x000000008d300000, 0x000000008d400000, 0x000000008d400000|100%| O|  |TAMS 0x000000008d300000| PB 0x000000008d300000| Untracked 
|  40|0x000000008d400000, 0x000000008d500000, 0x000000008d500000|100%| O|  |TAMS 0x000000008d400000| PB 0x000000008d400000| Untracked 
|  41|0x000000008d500000, 0x000000008d500000, 0x000000008d600000|  0%| F|  |TAMS 0x000000008d500000| PB 0x000000008d500000| Untracked 
|  42|0x000000008d600000, 0x000000008d700000, 0x000000008d700000|100%| O|  |TAMS 0x000000008d600000| PB 0x000000008d600000| Untracked 
|  43|0x000000008d700000, 0x000000008d800000, 0x000000008d800000|100%| O|  |TAMS 0x000000008d700000| PB 0x000000008d700000| Untracked 
|  44|0x000000008d800000, 0x000000008d900000, 0x000000008d900000|100%| O|  |TAMS 0x000000008d800000| PB 0x000000008d800000| Untracked 
|  45|0x000000008d900000, 0x000000008da00000, 0x000000008da00000|100%| O|  |TAMS 0x000000008d900000| PB 0x000000008d900000| Untracked 
|  46|0x000000008da00000, 0x000000008db00000, 0x000000008db00000|100%| O|  |TAMS 0x000000008da00000| PB 0x000000008da00000| Untracked 
|  47|0x000000008db00000, 0x000000008db00000, 0x000000008dc00000|  0%| F|  |TAMS 0x000000008db00000| PB 0x000000008db00000| Untracked 
|  48|0x000000008dc00000, 0x000000008dd00000, 0x000000008dd00000|100%| O|  |TAMS 0x000000008dc00000| PB 0x000000008dc00000| Untracked 
|  49|0x000000008dd00000, 0x000000008de00000, 0x000000008de00000|100%| O|  |TAMS 0x000000008dd00000| PB 0x000000008dd00000| Untracked 
|  50|0x000000008de00000, 0x000000008df00000, 0x000000008df00000|100%| O|  |TAMS 0x000000008de00000| PB 0x000000008de00000| Untracked 
|  51|0x000000008df00000, 0x000000008e000000, 0x000000008e000000|100%| O|  |TAMS 0x000000008df00000| PB 0x000000008df00000| Untracked 
|  52|0x000000008e000000, 0x000000008e100000, 0x000000008e100000|100%| O|  |TAMS 0x000000008e000000| PB 0x000000008e000000| Untracked 
|  53|0x000000008e100000, 0x000000008e200000, 0x000000008e200000|100%| O|  |TAMS 0x000000008e100000| PB 0x000000008e100000| Untracked 
|  54|0x000000008e200000, 0x000000008e300000, 0x000000008e300000|100%| O|  |TAMS 0x000000008e200000| PB 0x000000008e200000| Untracked 
|  55|0x000000008e300000, 0x000000008e400000, 0x000000008e400000|100%| O|  |TAMS 0x000000008e300000| PB 0x000000008e300000| Untracked 
|  56|0x000000008e400000, 0x000000008e500000, 0x000000008e500000|100%| O|  |TAMS 0x000000008e400000| PB 0x000000008e400000| Untracked 
|  57|0x000000008e500000, 0x000000008e600000, 0x000000008e600000|100%| O|  |TAMS 0x000000008e500000| PB 0x000000008e500000| Untracked 
|  58|0x000000008e600000, 0x000000008e700000, 0x000000008e700000|100%| O|  |TAMS 0x000000008e600000| PB 0x000000008e600000| Untracked 
|  59|0x000000008e700000, 0x000000008e800000, 0x000000008e800000|100%| O|  |TAMS 0x000000008e700000| PB 0x000000008e700000| Untracked 
|  60|0x000000008e800000, 0x000000008e900000, 0x000000008e900000|100%| O|  |TAMS 0x000000008e800000| PB 0x000000008e800000| Untracked 
|  61|0x000000008e900000, 0x000000008ea00000, 0x000000008ea00000|100%| O|  |TAMS 0x000000008e900000| PB 0x000000008e900000| Untracked 
|  62|0x000000008ea00000, 0x000000008eb00000, 0x000000008eb00000|100%| O|  |TAMS 0x000000008ea00000| PB 0x000000008ea00000| Untracked 
|  63|0x000000008eb00000, 0x000000008eb9ff60, 0x000000008ec00000| 62%| O|  |TAMS 0x000000008eb00000| PB 0x000000008eb00000| Untracked 
|  64|0x000000008ec00000, 0x000000008ec00000, 0x000000008ed00000|  0%| F|  |TAMS 0x000000008ec00000| PB 0x000000008ec00000| Untracked 
|  65|0x000000008ed00000, 0x000000008ed00000, 0x000000008ee00000|  0%| F|  |TAMS 0x000000008ed00000| PB 0x000000008ed00000| Untracked 
|  66|0x000000008ee00000, 0x000000008ee00000, 0x000000008ef00000|  0%| F|  |TAMS 0x000000008ee00000| PB 0x000000008ee00000| Untracked 
|  67|0x000000008ef00000, 0x000000008ef00000, 0x000000008f000000|  0%| F|  |TAMS 0x000000008ef00000| PB 0x000000008ef00000| Untracked 
|  68|0x000000008f000000, 0x000000008f000000, 0x000000008f100000|  0%| F|  |TAMS 0x000000008f000000| PB 0x000000008f000000| Untracked 
|  69|0x000000008f100000, 0x000000008f100000, 0x000000008f200000|  0%| F|  |TAMS 0x000000008f100000| PB 0x000000008f100000| Untracked 
|  70|0x000000008f200000, 0x000000008f200000, 0x000000008f300000|  0%| F|  |TAMS 0x000000008f200000| PB 0x000000008f200000| Untracked 
|  71|0x000000008f300000, 0x000000008f370038, 0x000000008f400000| 43%| S|CS|TAMS 0x000000008f300000| PB 0x000000008f300000| Complete 
|  72|0x000000008f400000, 0x000000008f500000, 0x000000008f500000|100%| S|CS|TAMS 0x000000008f400000| PB 0x000000008f400000| Complete 
|  73|0x000000008f500000, 0x000000008f500000, 0x000000008f600000|  0%| F|  |TAMS 0x000000008f500000| PB 0x000000008f500000| Untracked 
|  74|0x000000008f600000, 0x000000008f600000, 0x000000008f700000|  0%| F|  |TAMS 0x000000008f600000| PB 0x000000008f600000| Untracked 
|  75|0x000000008f700000, 0x000000008f700000, 0x000000008f800000|  0%| F|  |TAMS 0x000000008f700000| PB 0x000000008f700000| Untracked 
|  76|0x000000008f800000, 0x000000008f800000, 0x000000008f900000|  0%| F|  |TAMS 0x000000008f800000| PB 0x000000008f800000| Untracked 
|  77|0x000000008f900000, 0x000000008fa00000, 0x000000008fa00000|100%| S|CS|TAMS 0x000000008f900000| PB 0x000000008f900000| Complete 
|  78|0x000000008fa00000, 0x000000008fb00000, 0x000000008fb00000|100%| S|CS|TAMS 0x000000008fa00000| PB 0x000000008fa00000| Complete 
|  79|0x000000008fb00000, 0x000000008fb00000, 0x000000008fc00000|  0%| F|  |TAMS 0x000000008fb00000| PB 0x000000008fb00000| Untracked 
|  80|0x000000008fc00000, 0x000000008fc00000, 0x000000008fd00000|  0%| F|  |TAMS 0x000000008fc00000| PB 0x000000008fc00000| Untracked 
|  81|0x000000008fd00000, 0x000000008fd00000, 0x000000008fe00000|  0%| F|  |TAMS 0x000000008fd00000| PB 0x000000008fd00000| Untracked 
|  82|0x000000008fe00000, 0x000000008fe00000, 0x000000008ff00000|  0%| F|  |TAMS 0x000000008fe00000| PB 0x000000008fe00000| Untracked 
|  83|0x000000008ff00000, 0x000000008ff00000, 0x0000000090000000|  0%| F|  |TAMS 0x000000008ff00000| PB 0x000000008ff00000| Untracked 
|  84|0x0000000090000000, 0x0000000090000000, 0x0000000090100000|  0%| F|  |TAMS 0x0000000090000000| PB 0x0000000090000000| Untracked 
|  85|0x0000000090100000, 0x0000000090100000, 0x0000000090200000|  0%| F|  |TAMS 0x0000000090100000| PB 0x0000000090100000| Untracked 
|  86|0x0000000090200000, 0x0000000090200000, 0x0000000090300000|  0%| F|  |TAMS 0x0000000090200000| PB 0x0000000090200000| Untracked 
|  87|0x0000000090300000, 0x0000000090300000, 0x0000000090400000|  0%| F|  |TAMS 0x0000000090300000| PB 0x0000000090300000| Untracked 
|  88|0x0000000090400000, 0x0000000090400000, 0x0000000090500000|  0%| F|  |TAMS 0x0000000090400000| PB 0x0000000090400000| Untracked 
|  89|0x0000000090500000, 0x0000000090500000, 0x0000000090600000|  0%| F|  |TAMS 0x0000000090500000| PB 0x0000000090500000| Untracked 
|  90|0x0000000090600000, 0x0000000090600000, 0x0000000090700000|  0%| F|  |TAMS 0x0000000090600000| PB 0x0000000090600000| Untracked 
|  91|0x0000000090700000, 0x0000000090700000, 0x0000000090800000|  0%| F|  |TAMS 0x0000000090700000| PB 0x0000000090700000| Untracked 
|  92|0x0000000090800000, 0x0000000090800000, 0x0000000090900000|  0%| F|  |TAMS 0x0000000090800000| PB 0x0000000090800000| Untracked 
|  93|0x0000000090900000, 0x0000000090900000, 0x0000000090a00000|  0%| F|  |TAMS 0x0000000090900000| PB 0x0000000090900000| Untracked 
|  94|0x0000000090a00000, 0x0000000090a00000, 0x0000000090b00000|  0%| F|  |TAMS 0x0000000090a00000| PB 0x0000000090a00000| Untracked 
|  95|0x0000000090b00000, 0x0000000090b00000, 0x0000000090c00000|  0%| F|  |TAMS 0x0000000090b00000| PB 0x0000000090b00000| Untracked 
|  96|0x0000000090c00000, 0x0000000090c00000, 0x0000000090d00000|  0%| F|  |TAMS 0x0000000090c00000| PB 0x0000000090c00000| Untracked 
|  97|0x0000000090d00000, 0x0000000090d00000, 0x0000000090e00000|  0%| F|  |TAMS 0x0000000090d00000| PB 0x0000000090d00000| Untracked 
|  98|0x0000000090e00000, 0x0000000090e00000, 0x0000000090f00000|  0%| F|  |TAMS 0x0000000090e00000| PB 0x0000000090e00000| Untracked 
|  99|0x0000000090f00000, 0x0000000090f00000, 0x0000000091000000|  0%| F|  |TAMS 0x0000000090f00000| PB 0x0000000090f00000| Untracked 
| 100|0x0000000091000000, 0x0000000091000000, 0x0000000091100000|  0%| F|  |TAMS 0x0000000091000000| PB 0x0000000091000000| Untracked 
| 101|0x0000000091100000, 0x0000000091100000, 0x0000000091200000|  0%| F|  |TAMS 0x0000000091100000| PB 0x0000000091100000| Untracked 
| 102|0x0000000091200000, 0x0000000091200000, 0x0000000091300000|  0%| F|  |TAMS 0x0000000091200000| PB 0x0000000091200000| Untracked 
| 103|0x0000000091300000, 0x0000000091300000, 0x0000000091400000|  0%| F|  |TAMS 0x0000000091300000| PB 0x0000000091300000| Untracked 
| 104|0x0000000091400000, 0x0000000091400000, 0x0000000091500000|  0%| F|  |TAMS 0x0000000091400000| PB 0x0000000091400000| Untracked 
| 105|0x0000000091500000, 0x0000000091500000, 0x0000000091600000|  0%| F|  |TAMS 0x0000000091500000| PB 0x0000000091500000| Untracked 
| 106|0x0000000091600000, 0x0000000091600000, 0x0000000091700000|  0%| F|  |TAMS 0x0000000091600000| PB 0x0000000091600000| Untracked 
| 107|0x0000000091700000, 0x0000000091700000, 0x0000000091800000|  0%| F|  |TAMS 0x0000000091700000| PB 0x0000000091700000| Untracked 
| 108|0x0000000091800000, 0x0000000091800000, 0x0000000091900000|  0%| F|  |TAMS 0x0000000091800000| PB 0x0000000091800000| Untracked 
| 109|0x0000000091900000, 0x0000000091900000, 0x0000000091a00000|  0%| F|  |TAMS 0x0000000091900000| PB 0x0000000091900000| Untracked 
| 110|0x0000000091a00000, 0x0000000091a00000, 0x0000000091b00000|  0%| F|  |TAMS 0x0000000091a00000| PB 0x0000000091a00000| Untracked 
| 111|0x0000000091b00000, 0x0000000091b00000, 0x0000000091c00000|  0%| F|  |TAMS 0x0000000091b00000| PB 0x0000000091b00000| Untracked 
| 112|0x0000000091c00000, 0x0000000091c00000, 0x0000000091d00000|  0%| F|  |TAMS 0x0000000091c00000| PB 0x0000000091c00000| Untracked 
| 113|0x0000000091d00000, 0x0000000091d00000, 0x0000000091e00000|  0%| F|  |TAMS 0x0000000091d00000| PB 0x0000000091d00000| Untracked 
| 114|0x0000000091e00000, 0x0000000091e00000, 0x0000000091f00000|  0%| F|  |TAMS 0x0000000091e00000| PB 0x0000000091e00000| Untracked 
| 115|0x0000000091f00000, 0x0000000091f00000, 0x0000000092000000|  0%| F|  |TAMS 0x0000000091f00000| PB 0x0000000091f00000| Untracked 
| 116|0x0000000092000000, 0x0000000092000000, 0x0000000092100000|  0%| F|  |TAMS 0x0000000092000000| PB 0x0000000092000000| Untracked 
| 117|0x0000000092100000, 0x0000000092100000, 0x0000000092200000|  0%| F|  |TAMS 0x0000000092100000| PB 0x0000000092100000| Untracked 
|1873|0x00000000ffd00000, 0x00000000ffe00000, 0x00000000ffe00000|100%| O|  |TAMS 0x00000000ffd00000| PB 0x00000000ffd00000| Untracked 
|1874|0x00000000ffe00000, 0x00000000fff00000, 0x00000000fff00000|100%| O|  |TAMS 0x00000000ffe00000| PB 0x00000000ffe00000| Untracked 
|1875|0x00000000fff00000, 0x0000000100000000, 0x0000000100000000|100%| O|  |TAMS 0x00000000fff00000| PB 0x00000000fff00000| Untracked 

Card table byte_map: [0x000001ec63fb0000,0x000001ec64360000] _byte_map_base: 0x000001ec63b5a000

Marking Bits: (CMBitMap*) 0x000001ec58252160
 Bits: [0x000001ec64360000, 0x000001ec660b0000)

Polling page: 0x000001ec55f20000

Metaspace:

Usage:
  Non-class:     61.54 MB used.
      Class:     10.42 MB used.
       Both:     71.96 MB used.

Virtual space:
  Non-class space:       64.00 MB reserved,      61.94 MB ( 97%) committed,  1 nodes.
      Class space:        1.00 GB reserved,      10.75 MB (  1%) committed,  1 nodes.
             Both:        1.06 GB reserved,      72.69 MB (  7%) committed. 

Chunk freelists:
   Non-Class:  2.00 MB
       Class:  5.25 MB
        Both:  7.25 MB

MaxMetaspaceSize: unlimited
CompressedClassSpaceSize: 1.00 GB
Initial GC threshold: 21.00 MB
Current GC threshold: 119.62 MB
CDS: on
 - commit_granule_bytes: 65536.
 - commit_granule_words: 8192.
 - virtual_space_node_default_size: 8388608.
 - enlarge_chunks_in_place: 1.
 - use_allocation_guard: 0.


Internal statistics:

num_allocs_failed_limit: 3.
num_arena_births: 1180.
num_arena_deaths: 2.
num_vsnodes_births: 2.
num_vsnodes_deaths: 0.
num_space_committed: 1163.
num_space_uncommitted: 0.
num_chunks_returned_to_freelist: 6.
num_chunks_taken_from_freelist: 3819.
num_chunk_merges: 3.
num_chunk_splits: 2751.
num_chunks_enlarged: 2100.
num_inconsistent_stats: 0.

CodeCache: size=49152Kb used=15069Kb max_used=15105Kb free=34082Kb
 bounds [0x000001ec608d0000, 0x000001ec617a0000, 0x000001ec638d0000]
 total_blobs=8104 nmethods=7395 adapters=629
 compilation: enabled
              stopped_count=0, restarted_count=0
 full_count=0

Compilation events (20 events):
Event: 17.885 Thread 0x000001ec6d2e6c30 8719       1       org.springframework.context.annotation.ConfigurationClassPostProcessor$ImportAwareBeanPostProcessor::postProcessProperties (26 bytes)
Event: 17.885 Thread 0x000001ec6d2e6c30 nmethod 8719 0x000001ec610bf090 code [0x000001ec610bf240, 0x000001ec610bf400]
Event: 17.888 Thread 0x000001ec68d47090 8720   !   1       org.springframework.beans.factory.support.AbstractAutowireCapableBeanFactory::applyPropertyValues (489 bytes)
Event: 17.891 Thread 0x000001ec68d47090 nmethod 8720 0x000001ec6104e310 code [0x000001ec6104e7a0, 0x000001ec61050898]
Event: 17.893 Thread 0x000001ec68d47090 8721       1       org.springframework.boot.context.properties.BindMethodAttribute::get (13 bytes)
Event: 17.893 Thread 0x000001ec6d10c9d0 8722       1       org.springframework.beans.factory.support.AbstractBeanFactory::getMergedBeanDefinition (48 bytes)
Event: 17.893 Thread 0x000001ec6d2e6c30 8723       1       org.springframework.boot.context.properties.ConfigurationPropertiesBean::findAnnotation (90 bytes)
Event: 17.893 Thread 0x000001ec68d47090 nmethod 8721 0x000001ec6104de10 code [0x000001ec6104dfc0, 0x000001ec6104e170]
Event: 17.894 Thread 0x000001ec6d10c9d0 nmethod 8722 0x000001ec610be810 code [0x000001ec610bea20, 0x000001ec610bee40]
Event: 17.894 Thread 0x000001ec6d2e6c30 nmethod 8723 0x000001ec611a2f90 code [0x000001ec611a3200, 0x000001ec611a3670]
Event: 17.903 Thread 0x000001ec6d2e6c30 8724       1       org.springframework.context.annotation.ConfigurationClassPostProcessor$ImportAwareBeanPostProcessor::postProcessBeforeInitialization (62 bytes)
Event: 17.904 Thread 0x000001ec6d2e6c30 nmethod 8724 0x000001ec611a2390 code [0x000001ec611a25e0, 0x000001ec611a2c28]
Event: 17.920 Thread 0x000001ec6d2e6c30 8725       1       org.springframework.beans.factory.support.DisposableBeanAdapter::hasApplicableProcessors (50 bytes)
Event: 17.921 Thread 0x000001ec6d2e6c30 nmethod 8725 0x000001ec611a1d90 code [0x000001ec611a1f80, 0x000001ec611a2200]
Event: 17.921 Thread 0x000001ec6d2e6c30 8726       1       org.springframework.beans.TypeConverterDelegate::<init> (7 bytes)
Event: 17.922 Thread 0x000001ec6d2e6c30 nmethod 8726 0x000001ec610be410 code [0x000001ec610be5a0, 0x000001ec610be6d8]
Event: 17.925 Thread 0x000001ec6d10c9d0 8727       1       org.springframework.transaction.annotation.AnnotationTransactionAttributeSource::isCandidateClass (46 bytes)
Event: 17.925 Thread 0x000001ec68d47090 8728       1       org.springframework.transaction.annotation.SpringTransactionAnnotationParser::isCandidateClass (7 bytes)
Event: 17.925 Thread 0x000001ec6d10c9d0 nmethod 8727 0x000001ec611a1890 code [0x000001ec611a1a60, 0x000001ec611a1ca0]
Event: 17.925 Thread 0x000001ec68d47090 nmethod 8728 0x000001ec611a1310 code [0x000001ec611a14e0, 0x000001ec611a1700]

GC Heap History (20 events):
Event: 16.367 GC heap after
{Heap after GC invocations=30 (full 0):
 garbage-first heap   total 65536K, used 40045K [0x000000008ac00000, 0x0000000100000000)
  region size 1024K, 3 young (3072K), 3 survivors (3072K)
 Metaspace       used 72170K, committed 72960K, reserved 1114112K
  class space    used 10476K, committed 10816K, reserved 1048576K
}
Event: 16.626 GC heap before
{Heap before GC invocations=30 (full 0):
 garbage-first heap   total 65536K, used 56429K [0x000000008ac00000, 0x0000000100000000)
  region size 1024K, 19 young (19456K), 3 survivors (3072K)
 Metaspace       used 72413K, committed 73216K, reserved 1114112K
  class space    used 10501K, committed 10816K, reserved 1048576K
}
Event: 16.629 GC heap after
{Heap after GC invocations=31 (full 0):
 garbage-first heap   total 65536K, used 41084K [0x000000008ac00000, 0x0000000100000000)
  region size 1024K, 2 young (2048K), 2 survivors (2048K)
 Metaspace       used 72413K, committed 73216K, reserved 1114112K
  class space    used 10501K, committed 10816K, reserved 1048576K
}
Event: 16.845 GC heap before
{Heap before GC invocations=32 (full 0):
 garbage-first heap   total 70656K, used 58492K [0x000000008ac00000, 0x0000000100000000)
  region size 1024K, 19 young (19456K), 2 survivors (2048K)
 Metaspace       used 72620K, committed 73408K, reserved 1114112K
  class space    used 10528K, committed 10880K, reserved 1048576K
}
Event: 16.848 GC heap after
{Heap after GC invocations=33 (full 0):
 garbage-first heap   total 70656K, used 42253K [0x000000008ac00000, 0x0000000100000000)
  region size 1024K, 3 young (3072K), 3 survivors (3072K)
 Metaspace       used 72620K, committed 73408K, reserved 1114112K
  class space    used 10528K, committed 10880K, reserved 1048576K
}
Event: 16.919 GC heap before
{Heap before GC invocations=33 (full 0):
 garbage-first heap   total 70656K, used 61709K [0x000000008ac00000, 0x0000000100000000)
  region size 1024K, 22 young (22528K), 3 survivors (3072K)
 Metaspace       used 72634K, committed 73408K, reserved 1114112K
  class space    used 10531K, committed 10880K, reserved 1048576K
}
Event: 16.922 GC heap after
{Heap after GC invocations=34 (full 0):
 garbage-first heap   total 70656K, used 42681K [0x000000008ac00000, 0x0000000100000000)
  region size 1024K, 2 young (2048K), 2 survivors (2048K)
 Metaspace       used 72634K, committed 73408K, reserved 1114112K
  class space    used 10531K, committed 10880K, reserved 1048576K
}
Event: 16.981 GC heap before
{Heap before GC invocations=34 (full 0):
 garbage-first heap   total 70656K, used 64185K [0x000000008ac00000, 0x0000000100000000)
  region size 1024K, 23 young (23552K), 2 survivors (2048K)
 Metaspace       used 72686K, committed 73472K, reserved 1114112K
  class space    used 10543K, committed 10880K, reserved 1048576K
}
Event: 16.984 GC heap after
{Heap after GC invocations=35 (full 0):
 garbage-first heap   total 84992K, used 46004K [0x000000008ac00000, 0x0000000100000000)
  region size 1024K, 3 young (3072K), 3 survivors (3072K)
 Metaspace       used 72686K, committed 73472K, reserved 1114112K
  class space    used 10543K, committed 10880K, reserved 1048576K
}
Event: 17.090 GC heap before
{Heap before GC invocations=36 (full 0):
 garbage-first heap   total 84992K, used 76724K [0x000000008ac00000, 0x0000000100000000)
  region size 1024K, 33 young (33792K), 3 survivors (3072K)
 Metaspace       used 72693K, committed 73472K, reserved 1114112K
  class space    used 10544K, committed 10880K, reserved 1048576K
}
Event: 17.095 GC heap after
{Heap after GC invocations=37 (full 0):
 garbage-first heap   total 84992K, used 51071K [0x000000008ac00000, 0x0000000100000000)
  region size 1024K, 5 young (5120K), 5 survivors (5120K)
 Metaspace       used 72693K, committed 73472K, reserved 1114112K
  class space    used 10544K, committed 10880K, reserved 1048576K
}
Event: 17.163 GC heap before
{Heap before GC invocations=37 (full 0):
 garbage-first heap   total 84992K, used 74623K [0x000000008ac00000, 0x0000000100000000)
  region size 1024K, 28 young (28672K), 5 survivors (5120K)
 Metaspace       used 72693K, committed 73472K, reserved 1114112K
  class space    used 10544K, committed 10880K, reserved 1048576K
}
Event: 17.170 GC heap after
{Heap after GC invocations=38 (full 0):
 garbage-first heap   total 88064K, used 58358K [0x000000008ac00000, 0x0000000100000000)
  region size 1024K, 4 young (4096K), 4 survivors (4096K)
 Metaspace       used 72693K, committed 73472K, reserved 1114112K
  class space    used 10544K, committed 10880K, reserved 1048576K
}
Event: 17.227 GC heap before
{Heap before GC invocations=38 (full 0):
 garbage-first heap   total 88064K, used 76790K [0x000000008ac00000, 0x0000000100000000)
  region size 1024K, 22 young (22528K), 4 survivors (4096K)
 Metaspace       used 72693K, committed 73472K, reserved 1114112K
  class space    used 10544K, committed 10880K, reserved 1048576K
}
Event: 17.233 GC heap after
{Heap after GC invocations=39 (full 0):
 garbage-first heap   total 88064K, used 64648K [0x000000008ac00000, 0x0000000100000000)
  region size 1024K, 3 young (3072K), 3 survivors (3072K)
 Metaspace       used 72693K, committed 73472K, reserved 1114112K
  class space    used 10544K, committed 10880K, reserved 1048576K
}
Event: 17.293 GC heap before
{Heap before GC invocations=39 (full 0):
 garbage-first heap   total 109568K, used 76936K [0x000000008ac00000, 0x0000000100000000)
  region size 1024K, 15 young (15360K), 3 survivors (3072K)
 Metaspace       used 72690K, committed 73472K, reserved 1114112K
  class space    used 10544K, committed 10880K, reserved 1048576K
}
Event: 17.297 GC heap after
{Heap after GC invocations=40 (full 0):
 garbage-first heap   total 109568K, used 67853K [0x000000008ac00000, 0x0000000100000000)
  region size 1024K, 2 young (2048K), 2 survivors (2048K)
 Metaspace       used 72690K, committed 73472K, reserved 1114112K
  class space    used 10544K, committed 10880K, reserved 1048576K
}
Event: 17.600 GC heap before
{Heap before GC invocations=41 (full 0):
 garbage-first heap   total 109568K, used 93453K [0x000000008ac00000, 0x0000000100000000)
  region size 1024K, 27 young (27648K), 2 survivors (2048K)
 Metaspace       used 73033K, committed 73856K, reserved 1114112K
  class space    used 10579K, committed 10944K, reserved 1048576K
}
Event: 17.603 GC heap after
{Heap after GC invocations=42 (full 0):
 garbage-first heap   total 109568K, used 69584K [0x000000008ac00000, 0x0000000100000000)
  region size 1024K, 4 young (4096K), 4 survivors (4096K)
 Metaspace       used 73033K, committed 73856K, reserved 1114112K
  class space    used 10579K, committed 10944K, reserved 1048576K
}
Event: 17.944 GC heap before
{Heap before GC invocations=42 (full 0):
 garbage-first heap   total 109568K, used 95184K [0x000000008ac00000, 0x0000000100000000)
  region size 1024K, 29 young (29696K), 4 survivors (4096K)
 Metaspace       used 73689K, committed 74432K, reserved 1114112K
  class space    used 10673K, committed 11008K, reserved 1048576K
}

Dll operation events (13 events):
Event: 0.012 Loaded shared library C:\Users\USER\.jdks\corretto-21.0.4\bin\java.dll
Event: 0.342 Loaded shared library C:\Users\USER\.jdks\corretto-21.0.4\bin\zip.dll
Event: 0.347 Loaded shared library C:\Users\USER\.jdks\corretto-21.0.4\bin\instrument.dll
Event: 0.354 Loaded shared library C:\Users\USER\.jdks\corretto-21.0.4\bin\net.dll
Event: 0.356 Loaded shared library C:\Users\USER\.jdks\corretto-21.0.4\bin\nio.dll
Event: 0.360 Loaded shared library C:\Users\USER\.jdks\corretto-21.0.4\bin\zip.dll
Event: 0.414 Loaded shared library C:\Users\USER\.jdks\corretto-21.0.4\bin\jimage.dll
Event: 0.675 Loaded shared library C:\Program Files\JetBrains\IntelliJ IDEA 2024.2.1\bin\breakgen64.dll
Event: 0.690 Loaded shared library C:\Users\USER\.jdks\corretto-21.0.4\bin\extnet.dll
Event: 0.702 Loaded shared library C:\Users\USER\.jdks\corretto-21.0.4\bin\management.dll
Event: 0.727 Loaded shared library C:\Users\USER\.jdks\corretto-21.0.4\bin\management_ext.dll
Event: 3.411 Loaded shared library C:\Users\USER\.jdks\corretto-21.0.4\bin\sunmscapi.dll
Event: 10.630 Loaded shared library C:\Users\USER\.jdks\corretto-21.0.4\bin\verify.dll

Deoptimization events (6 events):
Event: 7.620 Thread 0x000001ec6e2a8db0 DEOPT PACKING pc=0x000001ec6129e61c sp=0x000000e8e10fdb40
Event: 7.620 Thread 0x000001ec6e2a8db0 DEOPT UNPACKING pc=0x000001ec60924e42 sp=0x000000e8e10fd0e8 mode 0
Event: 14.840 Thread 0x000001ec6e2a8db0 DEOPT PACKING pc=0x000001ec60f4d2d9 sp=0x000000e8e10fb450
Event: 14.840 Thread 0x000001ec6e2a8db0 DEOPT UNPACKING pc=0x000001ec60924e42 sp=0x000000e8e10fa958 mode 3
Event: 15.184 Thread 0x000001ec6e2a8db0 DEOPT PACKING pc=0x000001ec60f4881c sp=0x000000e8e10fc370
Event: 15.184 Thread 0x000001ec6e2a8db0 DEOPT UNPACKING pc=0x000001ec60924e42 sp=0x000000e8e10fb8c8 mode 0

Classes loaded (20 events):
Event: 15.594 Loading class java/io/InvalidClassException
Event: 15.594 Loading class java/io/InvalidClassException done
Event: 16.632 Loading class java/lang/invoke/MethodHandleImpl$CountingWrapper$1
Event: 16.633 Loading class java/lang/invoke/MethodHandleImpl$CountingWrapper$1 done
Event: 16.648 Loading class sun/reflect/ReflectionFactory
Event: 16.648 Loading class sun/reflect/ReflectionFactory done
Event: 16.648 Loading class sun/reflect/ReflectionFactory$1
Event: 16.648 Loading class sun/reflect/ReflectionFactory$1 done
Event: 16.649 Loading class java/io/OptionalDataException
Event: 16.649 Loading class java/io/OptionalDataException done
Event: 16.800 Loading class java/lang/invoke/SerializedLambda
Event: 16.801 Loading class java/lang/invoke/SerializedLambda done
Event: 17.686 Loading class java/util/EnumMap$EntrySet
Event: 17.687 Loading class java/util/EnumMap$EntrySet done
Event: 17.687 Loading class java/util/EnumMap$EntryIterator
Event: 17.687 Loading class java/util/EnumMap$EnumMapIterator
Event: 17.687 Loading class java/util/EnumMap$EnumMapIterator done
Event: 17.687 Loading class java/util/EnumMap$EntryIterator done
Event: 17.825 Loading class java/nio/StringCharBuffer
Event: 17.826 Loading class java/nio/StringCharBuffer done

Classes unloaded (1 events):
Event: 17.277 Thread 0x000001ec68d1d770 Unloading class 0x000001ec01a90000 'jdk/internal/reflect/GeneratedSerializationConstructorAccessor26'

Classes redefined (0 events):
No events

Internal exceptions (20 events):
Event: 13.699 Thread 0x000001ec6e2a8db0 Exception <a 'java/lang/NoSuchMethodError'{0x0000000092142dd0}: 'java.lang.Object java.lang.invoke.Invokers$Holder.linkToTargetMethod(java.lang.Object, int, java.lang.Object, java.lang.Object)'> (0x0000000092142dd0) 
thrown [s\src\hotspot\share\interpreter\linkResolver.cpp, line 773]
Event: 13.721 Thread 0x000001ec6e2a8db0 Exception <a 'java/lang/NoSuchMethodError'{0x00000000921a6a20}: 'void java.lang.invoke.DirectMethodHandle$Holder.invokeSpecial(java.lang.Object, java.lang.Object, java.lang.Object, java.lang.Object, java.lang.Object, java.lang.Object, java.lang.Object, java.lang.Object)'> (0x00000000921a6a20) 
thrown [s\src\hotspot\share\interpreter\linkResolver.cpp, line 773]
Event: 13.735 Thread 0x000001ec6e2a8db0 Exception <a 'java/lang/NoSuchMethodError'{0x00000000921ff208}: 'java.lang.Object java.lang.invoke.DirectMethodHandle$Holder.newInvokeSpecial(java.lang.Object, java.lang.Object, int)'> (0x00000000921ff208) 
thrown [s\src\hotspot\share\interpreter\linkResolver.cpp, line 773]
Event: 13.796 Thread 0x000001ec6e2a8db0 Exception <a 'java/lang/NoSuchMethodError'{0x0000000091b87b98}: 'java.lang.Object java.lang.invoke.DirectMethodHandle$Holder.newInvokeSpecial(java.lang.Object, java.lang.Object, java.lang.Object, java.lang.Object, java.lang.Object, int, java.lang.Object)'> (0x0000000091b87b98) 
thrown [s\src\hotspot\share\interpreter\linkResolver.cpp, line 773]
Event: 13.803 Thread 0x000001ec6e2a8db0 Exception <a 'java/lang/NoSuchMethodError'{0x0000000091bc3eb8}: 'java.lang.Object java.lang.invoke.DirectMethodHandle$Holder.newInvokeSpecial(java.lang.Object, java.lang.Object, java.lang.Object, java.lang.Object, java.lang.Object, java.lang.Object, java.lang.Object, java.lang.Object, java.lang.Object, java.lang.Object, java.lang.Object, java.lang.Object)'> (0x0000000091bc3eb8) 
thrown [s\src\hotspot\share\interpreter\linkResolver.cpp, line 773]
Event: 13.804 Thread 0x000001ec6e2a8db0 Exception <a 'java/lang/NoSuchMethodError'{0x0000000091bc87e0}: 'java.lang.Object java.lang.invoke.DirectMethodHandle$Holder.invokeSpecial(java.lang.Object, java.lang.Object, java.lang.Object, java.lang.Object, java.lang.Object, java.lang.Object, java.lang.Object, java.lang.Object, java.lang.Object, java.lang.Object, java.lang.Object, java.lang.Object, java.lang.Object)'> (0x0000000091bc87e0) 
thrown [s\src\hotspot\share\interpreter\linkResolver.cpp, line 773]
Event: 13.804 Thread 0x000001ec6e2a8db0 Exception <a 'java/lang/NoSuchMethodError'{0x0000000091bcccc8}: 'java.lang.Object java.lang.invoke.Invokers$Holder.linkToTargetMethod(java.lang.Object, java.lang.Object, java.lang.Object, java.lang.Object, java.lang.Object, java.lang.Object, java.lang.Object, java.lang.Object, java.lang.Object, java.lang.Object, java.lang.Object, java.lang.Object)'> (0x0000000091bcccc8) 
thrown [s\src\hotspot\share\interpreter\linkResolver.cpp, line 773]
Event: 13.911 Thread 0x000001ec6e2a8db0 Exception <a 'java/lang/NoSuchMethodError'{0x00000000918480e0}: 'java.lang.Object java.lang.invoke.DirectMethodHandle$Holder.newInvokeSpecial(java.lang.Object, java.lang.Object, int, java.lang.Object, int, java.lang.Object, java.lang.Object)'> (0x00000000918480e0) 
thrown [s\src\hotspot\share\interpreter\linkResolver.cpp, line 773]
Event: 13.941 Thread 0x000001ec6e2a8db0 Exception <a 'java/lang/NoSuchMethodError'{0x000000008de0e1f0}: 'java.lang.Object java.lang.invoke.DirectMethodHandle$Holder.newInvokeSpecial(java.lang.Object, java.lang.Object, java.lang.Object, java.lang.Object, java.lang.Object, java.lang.Object, java.lang.Object, int)'> (0x000000008de0e1f0) 
thrown [s\src\hotspot\share\interpreter\linkResolver.cpp, line 773]
Event: 13.942 Thread 0x000001ec6e2a8db0 Exception <a 'java/lang/NoSuchMethodError'{0x000000008de12830}: 'java.lang.Object java.lang.invoke.DirectMethodHandle$Holder.invokeSpecial(java.lang.Object, java.lang.Object, java.lang.Object, java.lang.Object, java.lang.Object, java.lang.Object, java.lang.Object, java.lang.Object, int)'> (0x000000008de12830) 
thrown [s\src\hotspot\share\interpreter\linkResolver.cpp, line 773]
Event: 13.942 Thread 0x000001ec6e2a8db0 Exception <a 'java/lang/NoSuchMethodError'{0x000000008de16858}: 'java.lang.Object java.lang.invoke.Invokers$Holder.linkToTargetMethod(java.lang.Object, java.lang.Object, java.lang.Object, java.lang.Object, java.lang.Object, java.lang.Object, int, java.lang.Object)'> (0x000000008de16858) 
thrown [s\src\hotspot\share\interpreter\linkResolver.cpp, line 773]
Event: 14.385 Thread 0x000001ec6e2a8db0 Exception <a 'java/lang/NoSuchMethodError'{0x000000008d834bb0}: 'java.lang.Object java.lang.invoke.DirectMethodHandle$Holder.invokeSpecial(java.lang.Object, java.lang.Object, int, java.lang.Object, int)'> (0x000000008d834bb0) 
thrown [s\src\hotspot\share\interpreter\linkResolver.cpp, line 773]
Event: 14.756 Thread 0x000001ec6e2a8db0 Exception <a 'java/lang/NoSuchMethodError'{0x000000008d56d2f0}: 'void java.lang.invoke.Invokers$Holder.invokeExact_MT(java.lang.Object, java.lang.Object, java.lang.Object, java.lang.Object)'> (0x000000008d56d2f0) 
thrown [s\src\hotspot\share\interpreter\linkResolver.cpp, line 773]
Event: 14.827 Thread 0x000001ec6e2a8db0 Exception <a 'java/lang/IncompatibleClassChangeError'{0x00000000921e96c8}: Found class java.lang.Object, but interface was expected> (0x00000000921e96c8) 
thrown [s\src\hotspot\share\interpreter\linkResolver.cpp, line 840]
Event: 14.944 Thread 0x000001ec6e2a8db0 Exception <a 'java/lang/IncompatibleClassChangeError'{0x000000008dc595d0}: Found class java.lang.Object, but interface was expected> (0x000000008dc595d0) 
thrown [s\src\hotspot\share\interpreter\linkResolver.cpp, line 840]
Event: 15.022 Thread 0x000001ec6e2a8db0 Exception <a 'java/lang/IncompatibleClassChangeError'{0x000000008d90d1f0}: Found class java.lang.Object, but interface was expected> (0x000000008d90d1f0) 
thrown [s\src\hotspot\share\interpreter\linkResolver.cpp, line 840]
Event: 15.292 Thread 0x000001ec6e2a8db0 Exception <a 'java/lang/IncompatibleClassChangeError'{0x00000000919cfb40}: Found class java.lang.Object, but interface was expected> (0x00000000919cfb40) 
thrown [s\src\hotspot\share\interpreter\linkResolver.cpp, line 840]
Event: 15.423 Thread 0x000001ec6e2a8db0 Exception <a 'java/lang/IncompatibleClassChangeError'{0x000000008dc03918}: Found class java.lang.Object, but interface was expected> (0x000000008dc03918) 
thrown [s\src\hotspot\share\interpreter\linkResolver.cpp, line 840]
Event: 15.503 Thread 0x000001ec6e2a8db0 Exception <a 'java/lang/NoSuchMethodError'{0x000000008dbccb00}: 'java.lang.Object java.lang.invoke.DirectMethodHandle$Holder.invokeStatic(java.lang.Object, int, java.lang.Object)'> (0x000000008dbccb00) 
thrown [s\src\hotspot\share\interpreter\linkResolver.cpp, line 773]
Event: 17.400 Thread 0x000001ec6e2a8db0 Exception <a 'java/lang/NoSuchMethodError'{0x00000000907ca740}: 'java.lang.Object java.lang.invoke.DirectMethodHandle$Holder.newInvokeSpecial(java.lang.Object, java.lang.Object, java.lang.Object, java.lang.Object, java.lang.Object, java.lang.Object, java.lang.Object, java.lang.Object)'> (0x00000000907ca740) 
thrown [s\src\hotspot\share\interpreter\linkResolver.cpp, line 773]

ZGC Phase Switch (0 events):
No events

VM Operations (20 events):
Event: 16.985 Executing VM operation: G1CollectForAllocation (G1 Evacuation Pause) done
Event: 17.016 Executing VM operation: G1PauseRemark
Event: 17.020 Executing VM operation: G1PauseRemark done
Event: 17.038 Executing VM operation: G1PauseCleanup
Event: 17.038 Executing VM operation: G1PauseCleanup done
Event: 17.090 Executing VM operation: G1CollectForAllocation (G1 Evacuation Pause)
Event: 17.095 Executing VM operation: G1CollectForAllocation (G1 Evacuation Pause) done
Event: 17.163 Executing VM operation: G1CollectForAllocation (G1 Evacuation Pause)
Event: 17.170 Executing VM operation: G1CollectForAllocation (G1 Evacuation Pause) done
Event: 17.227 Executing VM operation: G1CollectForAllocation (G1 Evacuation Pause)
Event: 17.233 Executing VM operation: G1CollectForAllocation (G1 Evacuation Pause) done
Event: 17.277 Executing VM operation: G1PauseRemark
Event: 17.286 Executing VM operation: G1PauseRemark done
Event: 17.293 Executing VM operation: G1CollectForAllocation (G1 Evacuation Pause)
Event: 17.297 Executing VM operation: G1CollectForAllocation (G1 Evacuation Pause) done
Event: 17.313 Executing VM operation: G1PauseCleanup
Event: 17.314 Executing VM operation: G1PauseCleanup done
Event: 17.600 Executing VM operation: G1CollectForAllocation (G1 Evacuation Pause)
Event: 17.603 Executing VM operation: G1CollectForAllocation (G1 Evacuation Pause) done
Event: 17.944 Executing VM operation: G1CollectForAllocation (G1 Evacuation Pause)

Memory protections (0 events):
No events

Nmethod flushes (20 events):
Event: 17.019 Thread 0x000001ec68d1d770 flushing  nmethod 0x000001ec611bf010
Event: 17.019 Thread 0x000001ec68d1d770 flushing  nmethod 0x000001ec611bf890
Event: 17.019 Thread 0x000001ec68d1d770 flushing  nmethod 0x000001ec611bfb90
Event: 17.019 Thread 0x000001ec68d1d770 flushing  nmethod 0x000001ec611c1f10
Event: 17.019 Thread 0x000001ec68d1d770 flushing  nmethod 0x000001ec611ed410
Event: 17.019 Thread 0x000001ec68d1d770 flushing  nmethod 0x000001ec611ed790
Event: 17.019 Thread 0x000001ec68d1d770 flushing  nmethod 0x000001ec611ee310
Event: 17.019 Thread 0x000001ec68d1d770 flushing  nmethod 0x000001ec611ee810
Event: 17.019 Thread 0x000001ec68d1d770 flushing  nmethod 0x000001ec611eed10
Event: 17.019 Thread 0x000001ec68d1d770 flushing  nmethod 0x000001ec611ef090
Event: 17.019 Thread 0x000001ec68d1d770 flushing  nmethod 0x000001ec611ef590
Event: 17.019 Thread 0x000001ec68d1d770 flushing  nmethod 0x000001ec611ef910
Event: 17.019 Thread 0x000001ec68d1d770 flushing  nmethod 0x000001ec611f0590
Event: 17.019 Thread 0x000001ec68d1d770 flushing  nmethod 0x000001ec61242790
Event: 17.019 Thread 0x000001ec68d1d770 flushing  nmethod 0x000001ec61243010
Event: 17.019 Thread 0x000001ec68d1d770 flushing  nmethod 0x000001ec61263d10
Event: 17.019 Thread 0x000001ec68d1d770 flushing  nmethod 0x000001ec61264610
Event: 17.019 Thread 0x000001ec68d1d770 flushing  nmethod 0x000001ec61265090
Event: 17.019 Thread 0x000001ec68d1d770 flushing  nmethod 0x000001ec61267a90
Event: 17.019 Thread 0x000001ec68d1d770 flushing  nmethod 0x000001ec612a0710

Events (20 events):
Event: 13.197 Thread 0x000001ec6ff207a0 Thread exited: 0x000001ec6ff207a0
Event: 13.699 Thread 0x000001ec6d99a5d0 Thread added: 0x000001ec6ff24940
Event: 13.706 Thread 0x000001ec6ff24940 Thread exited: 0x000001ec6ff24940
Event: 14.208 Thread 0x000001ec6d99a5d0 Thread added: 0x000001ec6ff24940
Event: 14.260 Thread 0x000001ec6ff24940 Thread exited: 0x000001ec6ff24940
Event: 14.762 Thread 0x000001ec6d99a5d0 Thread added: 0x000001ec6ff26380
Event: 14.768 Thread 0x000001ec6ff26380 Thread exited: 0x000001ec6ff26380
Event: 15.271 Thread 0x000001ec6d99a5d0 Thread added: 0x000001ec6ff20110
Event: 15.276 Thread 0x000001ec6ff20110 Thread exited: 0x000001ec6ff20110
Event: 15.779 Thread 0x000001ec6d99a5d0 Thread added: 0x000001ec6ff25660
Event: 15.785 Thread 0x000001ec6ff25660 Thread exited: 0x000001ec6ff25660
Event: 16.209 Thread 0x000001ec6ff1f3f0 Thread exited: 0x000001ec6ff1f3f0
Event: 16.302 Thread 0x000001ec6d99a5d0 Thread added: 0x000001ec6ff1fa80
Event: 16.309 Thread 0x000001ec6ff1fa80 Thread exited: 0x000001ec6ff1fa80
Event: 16.811 Thread 0x000001ec6d99a5d0 Thread added: 0x000001ec6ff22f00
Event: 16.816 Thread 0x000001ec6ff22f00 Thread exited: 0x000001ec6ff22f00
Event: 17.317 Thread 0x000001ec6d99a5d0 Thread added: 0x000001ec6ff20e30
Event: 17.322 Thread 0x000001ec6ff20e30 Thread exited: 0x000001ec6ff20e30
Event: 17.825 Thread 0x000001ec6d99a5d0 Thread added: 0x000001ec6ff21b50
Event: 17.830 Thread 0x000001ec6ff21b50 Thread exited: 0x000001ec6ff21b50


Dynamic libraries:
0x00007ff7e5800000 - 0x00007ff7e580e000 	C:\Users\USER\.jdks\corretto-21.0.4\bin\java.exe
0x00007ffab5ed0000 - 0x00007ffab60e7000 	C:\WINDOWS\SYSTEM32\ntdll.dll
0x00007ffab4f60000 - 0x00007ffab5024000 	C:\WINDOWS\System32\KERNEL32.DLL
0x00007ffab3570000 - 0x00007ffab3942000 	C:\WINDOWS\System32\KERNELBASE.dll
0x00007ffab3160000 - 0x00007ffab3271000 	C:\WINDOWS\System32\ucrtbase.dll
0x00007ffa9af70000 - 0x00007ffa9af88000 	C:\Users\USER\.jdks\corretto-21.0.4\bin\jli.dll
0x00007ffaad420000 - 0x00007ffaad43b000 	C:\Users\USER\.jdks\corretto-21.0.4\bin\VCRUNTIME140.dll
0x00007ffab5650000 - 0x00007ffab5801000 	C:\WINDOWS\System32\USER32.dll
0x00007ffab3100000 - 0x00007ffab3126000 	C:\WINDOWS\System32\win32u.dll
0x00007ffa99ea0000 - 0x00007ffa9a13b000 	C:\WINDOWS\WinSxS\amd64_microsoft.windows.common-controls_6595b64144ccf1df_6.0.22621.5415_none_270d77d17387d7da\COMCTL32.dll
0x00007ffab5540000 - 0x00007ffab5569000 	C:\WINDOWS\System32\GDI32.dll
0x00007ffab52c0000 - 0x00007ffab5367000 	C:\WINDOWS\System32\msvcrt.dll
0x00007ffab33c0000 - 0x00007ffab34e3000 	C:\WINDOWS\System32\gdi32full.dll
0x00007ffab3950000 - 0x00007ffab39ea000 	C:\WINDOWS\System32\msvcp_win.dll
0x00007ffab4b60000 - 0x00007ffab4b91000 	C:\WINDOWS\System32\IMM32.DLL
0x00007ffaad920000 - 0x00007ffaad92c000 	C:\Users\USER\.jdks\corretto-21.0.4\bin\vcruntime140_1.dll
0x00007ffa83400000 - 0x00007ffa8348d000 	C:\Users\USER\.jdks\corretto-21.0.4\bin\msvcp140.dll
0x00007ff9d4c20000 - 0x00007ff9d59b6000 	C:\Users\USER\.jdks\corretto-21.0.4\bin\server\jvm.dll
0x00007ffab5570000 - 0x00007ffab5621000 	C:\WINDOWS\System32\ADVAPI32.dll
0x00007ffab4eb0000 - 0x00007ffab4f58000 	C:\WINDOWS\System32\sechost.dll
0x00007ffab3130000 - 0x00007ffab3158000 	C:\WINDOWS\System32\bcrypt.dll
0x00007ffab4030000 - 0x00007ffab4144000 	C:\WINDOWS\System32\RPCRT4.dll
0x00007ffab4d10000 - 0x00007ffab4d81000 	C:\WINDOWS\System32\WS2_32.dll
0x00007ffab2880000 - 0x00007ffab28cd000 	C:\WINDOWS\SYSTEM32\POWRPROF.dll
0x00007ffaad740000 - 0x00007ffaad774000 	C:\WINDOWS\SYSTEM32\WINMM.dll
0x00007ffaa8310000 - 0x00007ffaa831a000 	C:\WINDOWS\SYSTEM32\VERSION.dll
0x00007ffab2860000 - 0x00007ffab2873000 	C:\WINDOWS\SYSTEM32\UMPDC.dll
0x00007ffab1ff0000 - 0x00007ffab2008000 	C:\WINDOWS\SYSTEM32\kernel.appcore.dll
0x00007ffaad410000 - 0x00007ffaad41a000 	C:\Users\USER\.jdks\corretto-21.0.4\bin\jimage.dll
0x00007ffab0940000 - 0x00007ffab0b73000 	C:\WINDOWS\SYSTEM32\DBGHELP.DLL
0x00007ffab3c10000 - 0x00007ffab3fa3000 	C:\WINDOWS\System32\combase.dll
0x00007ffab4bb0000 - 0x00007ffab4c87000 	C:\WINDOWS\System32\OLEAUT32.dll
0x00007ffa98360000 - 0x00007ffa98392000 	C:\WINDOWS\SYSTEM32\dbgcore.DLL
0x00007ffab3340000 - 0x00007ffab33bb000 	C:\WINDOWS\System32\bcryptPrimitives.dll
0x00007ffaaa8b0000 - 0x00007ffaaa8be000 	C:\Users\USER\.jdks\corretto-21.0.4\bin\instrument.dll
0x00007ffa909c0000 - 0x00007ffa909df000 	C:\Users\USER\.jdks\corretto-21.0.4\bin\java.dll
0x00007ffab4150000 - 0x00007ffab49f2000 	C:\WINDOWS\System32\SHELL32.dll
0x00007ffab2fc0000 - 0x00007ffab30ff000 	C:\WINDOWS\System32\wintypes.dll
0x00007ffab0ef0000 - 0x00007ffab180e000 	C:\WINDOWS\SYSTEM32\windows.storage.dll
0x00007ffab4da0000 - 0x00007ffab4eab000 	C:\WINDOWS\System32\SHCORE.dll
0x00007ffab51d0000 - 0x00007ffab5239000 	C:\WINDOWS\System32\shlwapi.dll
0x00007ffab2ef0000 - 0x00007ffab2f1b000 	C:\WINDOWS\SYSTEM32\profapi.dll
0x00007ffa90980000 - 0x00007ffa90998000 	C:\Users\USER\.jdks\corretto-21.0.4\bin\zip.dll
0x00007ffa9af60000 - 0x00007ffa9af70000 	C:\Users\USER\.jdks\corretto-21.0.4\bin\net.dll
0x00007ffaaea20000 - 0x00007ffaaeb4c000 	C:\WINDOWS\SYSTEM32\WINHTTP.dll
0x00007ffab24e0000 - 0x00007ffab2549000 	C:\WINDOWS\system32\mswsock.dll
0x00007ffa909a0000 - 0x00007ffa909b6000 	C:\Users\USER\.jdks\corretto-21.0.4\bin\nio.dll
0x00007ffa8fe90000 - 0x00007ffa8feaa000 	C:\Program Files\JetBrains\IntelliJ IDEA 2024.2.1\bin\breakgen64.dll
0x00007ffab1ae0000 - 0x00007ffab1bd8000 	C:\WINDOWS\SYSTEM32\DNSAPI.dll
0x00007ffab1a70000 - 0x00007ffab1a9d000 	C:\WINDOWS\SYSTEM32\IPHLPAPI.DLL
0x00007ffab5810000 - 0x00007ffab5819000 	C:\WINDOWS\System32\NSI.dll
0x00007ffaaddd0000 - 0x00007ffaaddda000 	C:\Windows\System32\rasadhlp.dll
0x00007ffaad480000 - 0x00007ffaad504000 	C:\WINDOWS\System32\fwpuclnt.dll
0x00007ffa8feb0000 - 0x00007ffa8feb9000 	C:\Users\USER\.jdks\corretto-21.0.4\bin\extnet.dll
0x00007ffa9a250000 - 0x00007ffa9a259000 	C:\Users\USER\.jdks\corretto-21.0.4\bin\management.dll
0x00007ffa90970000 - 0x00007ffa9097b000 	C:\Users\USER\.jdks\corretto-21.0.4\bin\management_ext.dll
0x00007ffab4ba0000 - 0x00007ffab4ba8000 	C:\WINDOWS\System32\PSAPI.DLL
0x00007ffab2730000 - 0x00007ffab274b000 	C:\WINDOWS\SYSTEM32\CRYPTSP.dll
0x00007ffab1f50000 - 0x00007ffab1f87000 	C:\WINDOWS\system32\rsaenh.dll
0x00007ffab25d0000 - 0x00007ffab25f8000 	C:\WINDOWS\SYSTEM32\USERENV.dll
0x00007ffab2750000 - 0x00007ffab275c000 	C:\WINDOWS\SYSTEM32\CRYPTBASE.dll
0x00007ffa96b30000 - 0x00007ffa96b47000 	C:\WINDOWS\system32\napinsp.dll
0x00007ffa96b10000 - 0x00007ffa96b2b000 	C:\WINDOWS\system32\pnrpnsp.dll
0x00007ffa96690000 - 0x00007ffa966a1000 	C:\WINDOWS\System32\winrnr.dll
0x00007ffaad700000 - 0x00007ffaad71f000 	C:\WINDOWS\system32\wshbth.dll
0x00007ffa96660000 - 0x00007ffa96681000 	C:\WINDOWS\system32\nlansp_c.dll
0x00007ffa99590000 - 0x00007ffa995e0000 	C:\WINDOWS\SYSTEM32\pdh.dll
0x00007ffa9ee40000 - 0x00007ffa9ee51000 	C:\WINDOWS\System32\perfproc.dll
0x00007ffa968f0000 - 0x00007ffa96900000 	C:\WINDOWS\System32\perfos.dll
0x00007ffab0390000 - 0x00007ffab03a0000 	C:\WINDOWS\SYSTEM32\pfclient.dll
0x00007ffa8fec0000 - 0x00007ffa8fece000 	C:\Users\USER\.jdks\corretto-21.0.4\bin\sunmscapi.dll
0x00007ffab39f0000 - 0x00007ffab3b57000 	C:\WINDOWS\System32\CRYPT32.dll
0x00007ffab2970000 - 0x00007ffab299d000 	C:\WINDOWS\SYSTEM32\ncrypt.dll
0x00007ffab2930000 - 0x00007ffab2967000 	C:\WINDOWS\SYSTEM32\NTASN1.dll
0x00007ffa8fa20000 - 0x00007ffa8fa30000 	C:\Users\USER\.jdks\corretto-21.0.4\bin\verify.dll

dbghelp: loaded successfully - version: 4.0.5 - missing functions: none
symbol engine: initialized successfully - sym options: 0x614 - pdb path: .;C:\Users\USER\.jdks\corretto-21.0.4\bin;C:\WINDOWS\SYSTEM32;C:\WINDOWS\WinSxS\amd64_microsoft.windows.common-controls_6595b64144ccf1df_6.0.22621.5415_none_270d77d17387d7da;C:\Users\USER\.jdks\corretto-21.0.4\bin\server;C:\Program Files\JetBrains\IntelliJ IDEA 2024.2.1\bin

VM Arguments:
jvm_args: -XX:TieredStopAtLevel=1 -Dspring.output.ansi.enabled=always -Dcom.sun.management.jmxremote -Dspring.jmx.enabled=true -Dspring.liveBeansView.mbeanDomain -Dspring.application.admin.enabled=true -Dmanagement.endpoints.jmx.exposure.include=* -javaagent:C:\Program Files\JetBrains\IntelliJ IDEA 2024.2.1\lib\idea_rt.jar=50457:C:\Program Files\JetBrains\IntelliJ IDEA 2024.2.1\bin -Dfile.encoding=UTF-8 -Dsun.stdout.encoding=UTF-8 -Dsun.stderr.encoding=UTF-8 
java_command: group03.bloomresin.BloomresinApplication
java_class_path (initial): D:\BloomResin_Vietnamese\BloomResin_Vietnamese\BloomResin_Vietnamese\target\classes;C:\Users\USER\.m2\repository\org\springframework\boot\spring-boot-starter-web\3.2.10\spring-boot-starter-web-3.2.10.jar;C:\Users\USER\.m2\repository\org\springframework\boot\spring-boot-starter\3.2.10\spring-boot-starter-3.2.10.jar;C:\Users\USER\.m2\repository\org\springframework\boot\spring-boot-starter-logging\3.2.10\spring-boot-starter-logging-3.2.10.jar;C:\Users\USER\.m2\repository\ch\qos\logback\logback-classic\1.4.14\logback-classic-1.4.14.jar;C:\Users\USER\.m2\repository\ch\qos\logback\logback-core\1.4.14\logback-core-1.4.14.jar;C:\Users\USER\.m2\repository\org\apache\logging\log4j\log4j-to-slf4j\2.21.1\log4j-to-slf4j-2.21.1.jar;C:\Users\USER\.m2\repository\org\slf4j\jul-to-slf4j\2.0.16\jul-to-slf4j-2.0.16.jar;C:\Users\USER\.m2\repository\org\yaml\snakeyaml\2.2\snakeyaml-2.2.jar;C:\Users\USER\.m2\repository\org\springframework\boot\spring-boot-starter-json\3.2.10\spring-boot-starter-json-3.2.10.jar;C:\Users\USER\.m2\repository\com\fasterxml\jackson\core\jackson-databind\2.15.4\jackson-databind-2.15.4.jar;C:\Users\USER\.m2\repository\com\fasterxml\jackson\core\jackson-annotations\2.15.4\jackson-annotations-2.15.4.jar;C:\Users\USER\.m2\repository\com\fasterxml\jackson\core\jackson-core\2.15.4\jackson-core-2.15.4.jar;C:\Users\USER\.m2\repository\com\fasterxml\jackson\datatype\jackson-datatype-jdk8\2.15.4\jackson-datatype-jdk8-2.15.4.jar;C:\Users\USER\.m2\repository\com\fasterxml\jackson\datatype\jackson-datatype-jsr310\2.15.4\jackson-datatype-jsr310-2.15.4.jar;C:\Users\USER\.m2\repository\com\fasterxml\jackson\module\jackson-module-parameter-names\2.15.4\jackson-module-parameter-names-2.15.4.jar;C:\Users\USER\.m2\repository\org\springframework\boot\spring-boot-starter-tomcat\3.2.10\spring-boot-starter-tomcat-3.2.10.jar;C:\Users\USER\.m2\repository\org\apache\tomcat\embed\tomcat-embed-websocket\10.1.30\tomcat-embed-websocket-10.1.30.jar;C:\Users\USER\.m2\repository\org\springframework\spring-web\6.1.13\spring-web-6.1.13.jar;C:\Users\USER\.m2\repository\org\springframework\spring-beans\6.1.13\spring-beans-6.1.13.jar;C:\Users\USER\.m2\repository\org\springframework\spring-webmvc\6.1.13\spring-webmvc-6.1.13.jar;C:\Users\USER\.m2\repository\org\springframework\spring-expression\6.1.13\spring-expression-6.1.13.jar;C:\Users\USER\.m2\repository\org\apache\tomcat\embed\tomcat-embed-jasper\10.1.30\tomcat-embed-jasper-10.1.30.jar;C:\Users\USER\.m2\repository\org\apache\tomcat\embed\tomcat-embed-core\10.1.30\tomcat-embed-core-10.1.30.jar;C:\Users\USER\.m2\repository\org\apache\tomcat\tomcat-annotations-api\10.1.30\tomcat-annotations-api-10.1.30.jar;C:\Users\USER\.m2\repository\org\apache\tomcat\embed\tomcat-embed-el\10.1.30\tomcat-embed-el-10.1.30.jar;C:\Users\USER\.m2\repository\org\eclipse\jdt\ecj\3.33.0\ecj-3.33.0.jar;C:\Users\USER\.m2\repository\jakarta\servlet\jsp\jstl\jakarta.servlet.jsp.jstl-api\3.0.2\jakarta.servlet.jsp.jstl-api-3.0.2.jar;C:\Users\USER\.m2\repository\jakarta\servlet\jakarta.servlet-api\6.0.0\jakarta.servlet-api-6.0.0.jar;C:\Users\USER\.m2\repository\jakarta\el\jakarta.el-api\5.0.0\jakarta.el-api-5.0.0.jar;C:\Users\USER\.m2\repository\org\glassfish\web\jakarta.servlet.jsp.jstl\3.0.1\jakarta.servlet.jsp.jstl-3.0.1.jar;C:\Users\USER\.m2\repository\org\springframework\boot\spring-boot-starter-security\3.2.10\spring-boot-starter-security-3.2.10.jar;C:\Users\USER\.m2\repository\org\springframework\spring-aop\6.1.13\spring-aop-6.1.13.jar;C:\Users\USER\.m2\repository\org\springframework\security\spring-security-config\6.2.6\spring-security-config-6.2.6.jar;C:\Users\USER\.m2\repository\org\springframework\security\spring-security-web\6.2.6\spring-security-web-6.2.6.jar;C:\Users\USER\.m2\repository\com\sun\mail\jakarta.mail\2.0.1\jakarta.mail-2.0.1.jar;C:\Users\USER\.m2\repository\com\sun\activation\jakarta.activation\2.0.1\jakarta.activation-2.0.1.jar;C:\Users\USER\.m2\repository\org\springframework\boot\spring-boot-starter-data-jpa\3.2.10\spring-boot-starter-data-jpa-3.2.10.jar;C:\Users\USER\.m2\repository\org\springframework\boot\spring-boot-starter-aop\3.2.10\spring-boot-starter-aop-3.2.10.jar;C:\Users\USER\.m2\repository\org\aspectj\aspectjweaver\1.9.22.1\aspectjweaver-1.9.22.1.jar;C:\Users\USER\.m2\repository\org\springframework\boot\spring-boot-starter-jdbc\3.2.10\spring-boot-starter-jdbc-3.2.10.jar;C:\Users\USER\.m2\repository\com\zaxxer\HikariCP\5.0.1\HikariCP-5.0.1.jar;C:\Users\USER\.m2\repository\org\hibernate\orm\hibernate-core\6.4.10.Final\hibernate-core-6.4.10.Final.jar;C:\Users\USER\.m2\repository\jakarta\persistence\jakarta.persistence-api\3.1.0\jakarta.persistence-api-3.1.0.jar;C:\Users\USER\.m2\repository\jakarta\transaction\jakarta.transaction-api\2.0.1\jakarta.transaction-api-2.0.1.jar;C:\Users\USER\.m2\repository\org\hibernate\common\hibernate-commons-annotations\6.0.6.Final\hibernate-commons-annotations-6.0.6.Final.jar;C:\Users\USER\.m2\repository\io\smallrye\jandex\3.1.2\jandex-3.1.2.jar;C:\Users\USER\.m2\repository\com\fasterxml\classmate\1.6.0\classmate-1.6.0.jar;C:\Users\USER\.m2\repository\jakarta\inject\jakarta.inject-api\2.0.1\jakarta.inject-api-2.0.1.jar;C:\Users\USER\.m2\repository\org\springframework\data\spring-data-jpa\3.2.10\spring-data-jpa-3.2.10.jar;C:\Users\USER\.m2\repository\org\springframework\data\spring-data-commons\3.2.10\spring-data-commons-3.2.10.jar;C:\Users\USER\.m2\repository\org\springframework\spring-orm\6.1.13\spring-orm-6.1.13.jar;C:\Users\USER\.m2\repository\org\springframework\spring-tx\6.1.13\spring-tx-6.1.13.jar;C:\Users\USER\.m2\repository\org\slf4j\slf4j-api\2.0.16\slf4j-api-2.0.16.jar;C:\Users\USER\.m2\repository\org\springframework\spring-aspects\6.1.13\spring-aspects-6.1.13.jar;C:\Users\USER\.m2\repository\org\springframework\boot\spring-boot-starter-validation\3.2.10\spring-boot-starter-validation-3.2.10.jar;C:\Users\USER\.m2\repository\org\hibernate\validator\hibernate-validator\8.0.1.Final\hibernate-validator-8.0.1.Final.jar;C:\Users\USER\.m2\repository\org\projectlombok\lombok\1.18.30\lombok-1.18.30.jar;C:\Users\USER\.m2\repository\org\springframework\session\spring-session-jdbc\3.2.5\spring-session-jdbc-3.2.5.jar;C:\Users\USER\.m2\repository\org\springframework\session\spring-session-core\3.2.5\spring-session-core-3.2.5.jar;C:\Users\USER\.m2\repository\org\springframework\spring-jcl\6.1.13\spring-jcl-6.1.13.jar;C:\Users\USER\.m2\repository\org\springframework\spring-context\6.1.13\spring-context-6.1.13.jar;C:\Users\USER\.m2\repository\org\springframework\spring-jdbc\6.1.13\spring-jdbc-6.1.13.jar;C:\Users\USER\.m2\repository\org\springframework\boot\spring-boot-starter-oauth2-client\3.2.10\spring-boot-starter-oauth2-client-3.2.10.jar;C:\Users\USER\.m2\repository\org\springframework\security\spring-security-core\6.2.6\spring-security-core-6.2.6.jar;C:\Users\USER\.m2\repository\org\springframework\security\spring-security-crypto\6.2.6\spring-security-crypto-6.2.6.jar;C:\Users\USER\.m2\repository\org\springframework\security\spring-security-oauth2-client\6.2.6\spring-security-oauth2-client-6.2.6.jar;C:\Users\USER\.m2\repository\org\springframework\security\spring-security-oauth2-core\6.2.6\spring-security-oauth2-core-6.2.6.jar;C:\Users\USER\.m2\repository\com\nimbusds\oauth2-oidc-sdk\9.43.4\oauth2-oidc-sdk-9.43.4.jar;C:\Users\USER\.m2\repository\com\github\stephenc\jcip\jcip-annotations\1.0-1\jcip-annotations-1.0-1.jar;C:\Users\USER\.m2\repository\com\nimbusds\content-type\2.2\content-type-2.2.jar;C:\Users\USER\.m2\repository\com\nimbusds\lang-tag\1.7\lang-tag-1.7.jar;C:\Users\USER\.m2\repository\org\springframework\security\spring-security-oauth2-jose\6.2.6\spring-security-oauth2-jose-6.2.6.jar;C:\Users\USER\.m2\repository\com\nimbusds\nimbus-jose-jwt\9.37.3\nimbus-jose-jwt-9.37.3.jar;C:\Users\USER\.m2\repository\org\postgresql\postgresql\42.6.2\postgresql-42.6.2.jar;C:\Users\USER\.m2\repository\org\checkerframework\checker-qual\3.31.0\checker-qual-3.31.0.jar;C:\Users\USER\.m2\repository\com\mysql\mysql-connector-j\8.3.0\mysql-connector-j-8.3.0.jar;C:\Users\USER\.m2\repository\org\apache\poi\poi-ooxml\5.2.5\poi-ooxml-5.2.5.jar;C:\Users\USER\.m2\repository\org\apache\poi\poi\5.2.5\poi-5.2.5.jar;C:\Users\USER\.m2\repository\commons-codec\commons-codec\1.16.1\commons-codec-1.16.1.jar;C:\Users\USER\.m2\repository\org\apache\commons\commons-math3\3.6.1\commons-math3-3.6.1.jar;C:\Users\USER\.m2\repository\com\zaxxer\SparseBitSet\1.3\SparseBitSet-1.3.jar;C:\Users\USER\.m2\repository\org\apache\poi\poi-ooxml-lite\5.2.5\poi-ooxml-lite-5.2.5.jar;C:\Users\USER\.m2\repository\org\apache\xmlbeans\xmlbeans\5.2.0\xmlbeans-5.2.0.jar;C:\Users\USER\.m2\repository\org\apache\commons\commons-compress\1.25.0\commons-compress-1.25.0.jar;C:\Users\USER\.m2\repository\commons-io\commons-io\2.15.0\commons-io-2.15.0.jar;C:\Users\USER\.m2\repository\com\github\virtuald\curvesapi\1.08\curvesapi-1.08.jar;C:\Users\USER\.m2\repository\org\apache\logging\log4j\log4j-api\2.21.1\log4j-api-2.21.1.jar;C:\Users\USER\.m2\repository\org\apache\commons\commons-collections4\4.4\commons-collections4-4.4.jar;C:\Users\USER\.m2\repository\org\hibernate\orm\hibernate-jpamodelgen\6.4.1.Final\hibernate-jpamodelgen-6.4.1.Final.jar;C:\Users\USER\.m2\repository\jakarta\validation\jakarta.validation-api\3.0.2\jakarta.validation-api-3.0.2.jar;C:\Users\USER\.m2\repository\jakarta\annotation\jakarta.annotation-api\2.1.1\jakarta.annotation-api-2.1.1.jar;C:\Users\USER\.m2\repository\org\antlr\antlr4-runtime\4.13.0\antlr4-runtime-4.13.0.jar;C:\Users\USER\.m2\repository\net\bytebuddy\byte-buddy\1.14.19\byte-buddy-1.14.19.jar;C:\Users\USER\.m2\repository\org\jboss\logging\jboss-logging\3.5.3.Final\jboss-logging-3.5.3.Final.jar;C:\Users\USER\.m2\repository\jakarta\xml\bind\jakarta.xml.bind-api\4.0.0\jakarta.xml.bind-api-4.0.0.jar;C:\Users\USER\.m2\repository\jakarta\activation\jakarta.activation-api\2.1.3\jakarta.activation-api-2.1.3.jar;C:\Users\USER\.m2\repository\org\glassfish\jaxb\jaxb-runtime\4.0.3\jaxb-runtime-4.0.3.jar;C:\Users\USER\.m2\repository\org\glassfish\jaxb\jaxb-core\4.0.5\jaxb-core-4.0.5.jar;C:\Users\USER\.m2\repository\org\eclipse\angus\angus-activation\2.0.2\angus-activation-2.0.2.jar;C:\Users\USER\.m2\repository\org\glassfish\jaxb\txw2\4.0.5\txw2-4.0.5.jar;C:\Users\USER\.m2\repository\com\sun\istack\istack-commons-runtime\4.1.2\istack-commons-runtime-4.1.2.jar;C:\Users\USER\.m2\repository\org\springframework\boot\spring-boot-starter-actuator\3.2.10\spring-boot-starter-actuator-3.2.10.jar;C:\Users\USER\.m2\repository\org\springframework\boot\spring-boot-actuator-autoconfigure\3.2.10\spring-boot-actuator-autoconfigure-3.2.10.jar;C:\Users\USER\.m2\repository\org\springframework\boot\spring-boot-actuator\3.2.10\spring-boot-actuator-3.2.10.jar;C:\Users\USER\.m2\repository\io\micrometer\micrometer-observation\1.12.10\micrometer-observation-1.12.10.jar;C:\Users\USER\.m2\repository\io\micrometer\micrometer-commons\1.12.10\micrometer-commons-1.12.10.jar;C:\Users\USER\.m2\repository\io\micrometer\micrometer-jakarta9\1.12.10\micrometer-jakarta9-1.12.10.jar;C:\Users\USER\.m2\repository\io\micrometer\micrometer-core\1.12.10\micrometer-core-1.12.10.jar;C:\Users\USER\.m2\repository\org\hdrhistogram\HdrHistogram\2.1.12\HdrHistogram-2.1.12.jar;C:\Users\USER\.m2\repository\org\latencyutils\LatencyUtils\2.0.3\LatencyUtils-2.0.3.jar;C:\Users\USER\.m2\repository\org\springframework\boot\spring-boot-devtools\3.2.10\spring-boot-devtools-3.2.10.jar;C:\Users\USER\.m2\repository\org\springframework\boot\spring-boot\3.2.10\spring-boot-3.2.10.jar;C:\Users\USER\.m2\repository\org\springframework\boot\spring-boot-autoconfigure\3.2.10\spring-boot-autoconfigure-3.2.10.jar;C:\Users\USER\.m2\repository\net\minidev\json-smart\2.5.1\json-smart-2.5.1.jar;C:\Users\USER\.m2\repository\net\minidev\accessors-smart\2.5.1\accessors-smart-2.5.1.jar;C:\Users\USER\.m2\repository\org\ow2\asm\asm\9.6\asm-9.6.jar;C:\Users\USER\.m2\repository\org\springframework\spring-core\6.1.13\spring-core-6.1.13.jar
Launcher Type: SUN_STANDARD

[Global flags]
     intx CICompilerCount                          = 4                                         {product} {ergonomic}
     uint ConcGCThreads                            = 3                                         {product} {ergonomic}
     uint G1ConcRefinementThreads                  = 10                                        {product} {ergonomic}
   size_t G1HeapRegionSize                         = 1048576                                   {product} {ergonomic}
    uintx GCDrainStackTargetSize                   = 64                                        {product} {ergonomic}
   size_t InitialHeapSize                          = 123731968                                 {product} {ergonomic}
     bool ManagementServer                         = true                                      {product} {command line}
   size_t MarkStackSize                            = 4194304                                   {product} {ergonomic}
   size_t MaxHeapSize                              = 1967128576                                {product} {ergonomic}
   size_t MaxNewSize                               = 1179648000                                {product} {ergonomic}
   size_t MinHeapDeltaBytes                        = 1048576                                   {product} {ergonomic}
   size_t MinHeapSize                              = 8388608                                   {product} {ergonomic}
    uintx NonNMethodCodeHeapSize                   = 4096                                   {pd product} {ergonomic}
    uintx NonProfiledCodeHeapSize                  = 0                                      {pd product} {ergonomic}
     bool ProfileInterpreter                       = false                                  {pd product} {command line}
    uintx ProfiledCodeHeapSize                     = 0                                      {pd product} {ergonomic}
   size_t SoftMaxHeapSize                          = 1967128576                             {manageable} {ergonomic}
     intx TieredStopAtLevel                        = 1                                         {product} {command line}
     bool UseCompressedOops                        = true                           {product lp64_product} {ergonomic}
     bool UseG1GC                                  = true                                      {product} {ergonomic}
     bool UseLargePagesIndividualAllocation        = false                                  {pd product} {ergonomic}

Logging:
Log output configuration:
 #0: stdout all=warning uptime,level,tags foldmultilines=false
 #1: stderr all=off uptime,level,tags foldmultilines=false

Environment Variables:
JAVA_HOME=C:\Program Files\Java\jdk-21
PATH=C:\Program Files\Common Files\Oracle\Java\javapath;C:\WINDOWS\system32;C:\WINDOWS;C:\WINDOWS\System32\Wbem;C:\WINDOWS\System32\WindowsPowerShell\v1.0\;C:\WINDOWS\System32\OpenSSH\;C:\Program Files (x86)\Microsoft SQL Server\160\Tools\Binn\;C:\Program Files\Microsoft SQL Server\160\Tools\Binn\;C:\Program Files\Microsoft SQL Server\Client SDK\ODBC\170\Tools\Binn\;C:\Program Files\Microsoft SQL Server\160\DTS\Binn\;C:\Program Files (x86)\Microsoft SQL Server\160\DTS\Binn\;C:\ProgramData\chocolatey\bin;C:\Program Files\Apache\maven\bin;C:\Program Files\nodejs\;C:\Program Files\Java\jdk-21\bin;C:\Program Files\Git\cmd;C:\Program Files\OpenSSL-Win64\bin;C:\Users\USER\AppData\Local\Microsoft\WindowsApps;C:\Program Files\Azure Data Studio\bin;C:\Users\USER\AppData\Local\Programs\Microsoft VS Code\bin;C:\Program Files\JetBrains\IntelliJ IDEA 2024.2.1\bin;;C:\Users\USER\AppData\Local\Microsoft\WinGet\Packages\Schniz.fnm_Microsoft.Winget.Source_8wekyb3d8bbwe;C:\Users\USER\AppData\Roaming\npm;C:\Program Files\OpenSSL-Win64\bin;
USERNAME=USER
OS=Windows_NT
PROCESSOR_IDENTIFIER=AMD64 Family 23 Model 104 Stepping 1, AuthenticAMD
TMP=C:\Users\USER\AppData\Local\Temp
TEMP=C:\Users\USER\AppData\Local\Temp




Periodic native trim disabled

---------------  S Y S T E M  ---------------

OS:
 Windows 11 , 64 bit Build 22621 (10.0.22621.5415)
OS uptime: 1 days 3:28 hours

CPU: total 12 (initial active 12) (12 cores per cpu, 2 threads per core) family 23 model 104 stepping 1 microcode 0x0, cx8, cmov, fxsr, ht, mmx, 3dnowpref, sse, sse2, sse3, ssse3, sse4a, sse4.1, sse4.2, popcnt, lzcnt, tsc, tscinvbit, avx, avx2, aes, clmul, bmi1, bmi2, adx, sha, fma, vzeroupper, clflush, clflushopt, rdtscp, rdpid, f16c
Processor Information for processor 0
  Max Mhz: 2100, Current Mhz: 1988, Mhz Limit: 2100
Processor Information for processor 1
  Max Mhz: 2100, Current Mhz: 2100, Mhz Limit: 2100
Processor Information for processor 2
  Max Mhz: 2100, Current Mhz: 2100, Mhz Limit: 2100
Processor Information for processor 3
  Max Mhz: 2100, Current Mhz: 2100, Mhz Limit: 2100
Processor Information for processor 4
  Max Mhz: 2100, Current Mhz: 2100, Mhz Limit: 2100
Processor Information for processor 5
  Max Mhz: 2100, Current Mhz: 2100, Mhz Limit: 2100
Processor Information for processor 6
  Max Mhz: 2100, Current Mhz: 2100, Mhz Limit: 2100
Processor Information for processor 7
  Max Mhz: 2100, Current Mhz: 1988, Mhz Limit: 2100
Processor Information for processor 8
  Max Mhz: 2100, Current Mhz: 2100, Mhz Limit: 2100
Processor Information for processor 9
  Max Mhz: 2100, Current Mhz: 2100, Mhz Limit: 2100
Processor Information for processor 10
  Max Mhz: 2100, Current Mhz: 2100, Mhz Limit: 2100
Processor Information for processor 11
  Max Mhz: 2100, Current Mhz: 1988, Mhz Limit: 2100

Memory: 4k page, system-wide physical 7501M (951M free)
TotalPageFile size 23341M (AvailPageFile size 75M)
current process WorkingSet (physical memory assigned to process): 290M, peak: 290M
current process commit charge ("private bytes"): 351M, peak: 444M

vm_info: OpenJDK 64-Bit Server VM (21.0.4+7-LTS) for windows-amd64 JRE (21.0.4+7-LTS), built on 2024-07-10T17:34:29Z by "Administrator" with MS VC++ 16.10 / 16.11 (VS2019)

END.
